<?xml version="1.0" encoding="UTF-8"?>
<coverage generated="1783005167268" clover="3.2.0">
  <project timestamp="1783005167268" name="All files">
    <metrics statements="470" coveredstatements="444" conditionals="248" coveredconditionals="191" methods="130" coveredmethods="113" elements="848" coveredelements="748" complexity="0" loc="470" ncloc="470" packages="1" files="11" classes="11"/>
    <file name="chime.ts" path="/workspace/app/src/engine/chime.ts">
      <metrics statements="31" coveredstatements="31" conditionals="9" coveredconditionals="8" methods="7" coveredmethods="7"/>
      <line num="14" count="2" type="cond" truecount="1" falsecount="1"/>
      <line num="15" count="2" type="stmt"/>
      <line num="19" count="2" type="cond" truecount="3" falsecount="0"/>
      <line num="26" count="2" type="stmt"/>
      <line num="28" count="2" type="stmt"/>
      <line num="30" count="2" type="stmt"/>
      <line num="31" count="2" type="stmt"/>
      <line num="32" count="2" type="cond" truecount="2" falsecount="0"/>
      <line num="33" count="1" type="stmt"/>
      <line num="34" count="1" type="stmt"/>
      <line num="36" count="1" type="cond" truecount="2" falsecount="0"/>
      <line num="37" count="2" type="stmt"/>
      <line num="38" count="2" type="stmt"/>
      <line num="39" count="2" type="stmt"/>
      <line num="40" count="2" type="stmt"/>
      <line num="41" count="2" type="stmt"/>
      <line num="42" count="2" type="stmt"/>
      <line num="43" count="2" type="stmt"/>
      <line num="44" count="2" type="stmt"/>
      <line num="45" count="2" type="stmt"/>
      <line num="46" count="2" type="stmt"/>
      <line num="47" count="2" type="stmt"/>
      <line num="48" count="2" type="stmt"/>
      <line num="49" count="2" type="stmt"/>
      <line num="50" count="2" type="stmt"/>
      <line num="55" count="1" type="stmt"/>
      <line num="62" count="23" type="stmt"/>
      <line num="63" count="23" type="stmt"/>
      <line num="65" count="7" type="stmt"/>
      <line num="68" count="15" type="stmt"/>
      <line num="69" count="15" type="stmt"/>
    </file>
    <file name="constants.ts" path="/workspace/app/src/engine/constants.ts">
      <metrics statements="15" coveredstatements="15" conditionals="0" coveredconditionals="0" methods="0" coveredmethods="0"/>
      <line num="2" count="9" type="stmt"/>
      <line num="3" count="9" type="stmt"/>
      <line num="4" count="9" type="stmt"/>
      <line num="5" count="9" type="stmt"/>
      <line num="6" count="9" type="stmt"/>
      <line num="7" count="9" type="stmt"/>
      <line num="8" count="9" type="stmt"/>
      <line num="9" count="9" type="stmt"/>
      <line num="10" count="9" type="stmt"/>
      <line num="11" count="9" type="stmt"/>
      <line num="12" count="9" type="stmt"/>
      <line num="13" count="9" type="stmt"/>
      <line num="14" count="9" type="stmt"/>
      <line num="15" count="9" type="stmt"/>
      <line num="16" count="9" type="stmt"/>
    </file>
    <file name="engine.ts" path="/workspace/app/src/engine/engine.ts">
      <metrics statements="162" coveredstatements="147" conditionals="100" coveredconditionals="69" methods="41" coveredmethods="33"/>
      <line num="51" count="12" type="stmt"/>
      <line num="52" count="12" type="stmt"/>
      <line num="53" count="12" type="stmt"/>
      <line num="54" count="12" type="stmt"/>
      <line num="55" count="12" type="stmt"/>
      <line num="56" count="12" type="stmt"/>
      <line num="57" count="12" type="stmt"/>
      <line num="58" count="12" type="stmt"/>
      <line num="59" count="12" type="stmt"/>
      <line num="60" count="12" type="stmt"/>
      <line num="61" count="12" type="stmt"/>
      <line num="63" count="12" type="stmt"/>
      <line num="64" count="12" type="cond" truecount="2" falsecount="0"/>
      <line num="66" count="12" type="stmt"/>
      <line num="69" count="11" type="cond" truecount="2" falsecount="0"/>
      <line num="70" count="3" type="stmt"/>
      <line num="73" count="12" type="cond" truecount="1" falsecount="1"/>
      <line num="74" count="12" type="cond" truecount="1" falsecount="1"/>
      <line num="76" count="12" type="cond" truecount="1" falsecount="1"/>
      <line num="77" count="0" type="stmt"/>
      <line num="78" count="0" type="stmt"/>
      <line num="79" count="0" type="stmt"/>
      <line num="80" count="0" type="stmt"/>
      <line num="81" count="0" type="stmt"/>
      <line num="83" count="0" type="stmt"/>
      <line num="84" count="0" type="stmt"/>
      <line num="87" count="0" type="stmt"/>
      <line num="88" count="0" type="cond" truecount="0" falsecount="2"/>
      <line num="89" count="0" type="stmt"/>
      <line num="91" count="0" type="stmt"/>
      <line num="95" count="12" type="stmt"/>
      <line num="96" count="25" type="cond" truecount="2" falsecount="0"/>
      <line num="97" count="1" type="stmt"/>
      <line num="98" count="1" type="cond" truecount="1" falsecount="1"/>
      <line num="99" count="1" type="stmt"/>
      <line num="101" count="25" type="cond" truecount="2" falsecount="0"/>
      <line num="102" count="11" type="cond" truecount="3" falsecount="1"/>
      <line num="103" count="11" type="stmt"/>
      <line num="104" count="11" type="stmt"/>
      <line num="106" count="25" type="cond" truecount="2" falsecount="0"/>
      <line num="107" count="3" type="stmt"/>
      <line num="108" count="3" type="stmt"/>
      <line num="110" count="25" type="cond" truecount="2" falsecount="0"/>
      <line num="111" count="10" type="stmt"/>
      <line num="113" count="25" type="cond" truecount="1" falsecount="1"/>
      <line num="114" count="0" type="stmt"/>
      <line num="116" count="25" type="stmt"/>
      <line num="120" count="226" type="stmt"/>
      <line num="121" count="226" type="cond" truecount="2" falsecount="0"/>
      <line num="122" count="5" type="stmt"/>
      <line num="126" count="123" type="stmt"/>
      <line num="130" count="67" type="cond" truecount="4" falsecount="0"/>
      <line num="131" count="61" type="stmt"/>
      <line num="136" count="67" type="cond" truecount="1" falsecount="1"/>
      <line num="137" count="67" type="stmt"/>
      <line num="138" count="67" type="stmt"/>
      <line num="140" count="113" type="stmt"/>
      <line num="143" count="67" type="stmt"/>
      <line num="144" count="11" type="stmt"/>
      <line num="145" count="11" type="cond" truecount="2" falsecount="0"/>
      <line num="146" count="5" type="stmt"/>
      <line num="148" count="6" type="stmt"/>
      <line num="150" count="11" type="stmt"/>
      <line num="155" count="67" type="stmt"/>
      <line num="156" count="67" type="stmt"/>
      <line num="157" count="67" type="stmt"/>
      <line num="158" count="67" type="stmt"/>
      <line num="159" count="67" type="stmt"/>
      <line num="160" count="67" type="stmt"/>
      <line num="161" count="67" type="stmt"/>
      <line num="165" count="3" type="cond" truecount="3" falsecount="1"/>
      <line num="166" count="3" type="stmt"/>
      <line num="174" count="6" type="cond" truecount="1" falsecount="1"/>
      <line num="175" count="6" type="cond" truecount="2" falsecount="0"/>
      <line num="176" count="6" type="cond" truecount="1" falsecount="1"/>
      <line num="177" count="6" type="cond" truecount="2" falsecount="0"/>
      <line num="180" count="12" type="stmt"/>
      <line num="182" count="13" type="stmt"/>
      <line num="183" count="13" type="stmt"/>
      <line num="184" count="13" type="stmt"/>
      <line num="185" count="13" type="stmt"/>
      <line num="186" count="13" type="stmt"/>
      <line num="187" count="13" type="stmt"/>
      <line num="188" count="13" type="cond" truecount="2" falsecount="0"/>
      <line num="189" count="2" type="stmt"/>
      <line num="190" count="2" type="stmt"/>
      <line num="192" count="13" type="stmt"/>
      <line num="196" count="6" type="stmt"/>
      <line num="197" count="6" type="stmt"/>
      <line num="198" count="6" type="stmt"/>
      <line num="200" count="6" type="cond" truecount="5" falsecount="0"/>
      <line num="201" count="3" type="stmt"/>
      <line num="202" count="3" type="cond" truecount="2" falsecount="2"/>
      <line num="203" count="0" type="stmt"/>
      <line num="205" count="3" type="cond" truecount="1" falsecount="1"/>
      <line num="206" count="3" type="cond" truecount="1" falsecount="1"/>
      <line num="207" count="3" type="stmt"/>
      <line num="208" count="1" type="stmt"/>
      <line num="209" count="1" type="stmt"/>
      <line num="211" count="3" type="cond" truecount="1" falsecount="1"/>
      <line num="212" count="3" type="cond" truecount="2" falsecount="2"/>
      <line num="213" count="0" type="stmt"/>
      <line num="215" count="3" type="cond" truecount="1" falsecount="1"/>
      <line num="216" count="3" type="cond" truecount="1" falsecount="1"/>
      <line num="219" count="6" type="stmt"/>
      <line num="220" count="67" type="cond" truecount="1" falsecount="1"/>
      <line num="221" count="67" type="stmt"/>
      <line num="224" count="6" type="stmt"/>
      <line num="225" count="6" type="stmt"/>
      <line num="229" count="4" type="stmt"/>
      <line num="230" count="4" type="cond" truecount="1" falsecount="1"/>
      <line num="232" count="4" type="cond" truecount="2" falsecount="0"/>
      <line num="233" count="1" type="stmt"/>
      <line num="234" count="1" type="stmt"/>
      <line num="237" count="3" type="cond" truecount="1" falsecount="1"/>
      <line num="238" count="3" type="stmt"/>
      <line num="240" count="0" type="stmt"/>
      <line num="242" count="3" type="stmt"/>
      <line num="246" count="1" type="stmt"/>
      <line num="247" count="1" type="stmt"/>
      <line num="248" count="1" type="stmt"/>
      <line num="252" count="1" type="stmt"/>
      <line num="253" count="1" type="stmt"/>
      <line num="254" count="1" type="stmt"/>
      <line num="258" count="1" type="stmt"/>
      <line num="259" count="1" type="stmt"/>
      <line num="263" count="1" type="stmt"/>
      <line num="264" count="1" type="stmt"/>
      <line num="268" count="1" type="stmt"/>
      <line num="269" count="1" type="stmt"/>
      <line num="273" count="1" type="stmt"/>
      <line num="274" count="1" type="stmt"/>
      <line num="278" count="1" type="cond" truecount="1" falsecount="1"/>
      <line num="279" count="1" type="stmt"/>
      <line num="280" count="1" type="stmt"/>
      <line num="281" count="1" type="stmt"/>
      <line num="282" count="1" type="stmt"/>
      <line num="283" count="1" type="stmt"/>
      <line num="284" count="1" type="cond" truecount="1" falsecount="1"/>
      <line num="285" count="1" type="stmt"/>
      <line num="289" count="1" type="cond" truecount="1" falsecount="1"/>
      <line num="290" count="1" type="stmt"/>
      <line num="291" count="1" type="stmt"/>
      <line num="292" count="1" type="stmt"/>
      <line num="293" count="1" type="stmt"/>
      <line num="297" count="1" type="stmt"/>
      <line num="298" count="1" type="stmt"/>
      <line num="299" count="1" type="cond" truecount="1" falsecount="1"/>
      <line num="300" count="1" type="stmt"/>
      <line num="304" count="2" type="cond" truecount="1" falsecount="1"/>
      <line num="305" count="2" type="stmt"/>
      <line num="309" count="2" type="cond" truecount="1" falsecount="1"/>
      <line num="310" count="2" type="stmt"/>
      <line num="311" count="2" type="stmt"/>
      <line num="315" count="136" type="stmt"/>
      <line num="316" count="136" type="stmt"/>
      <line num="324" count="133" type="stmt"/>
      <line num="336" count="1" type="stmt"/>
      <line num="337" count="1" type="stmt"/>
      <line num="338" count="1" type="stmt"/>
      <line num="339" count="1" type="stmt"/>
      <line num="343" count="12" type="stmt"/>
    </file>
    <file name="geo.ts" path="/workspace/app/src/engine/geo.ts">
      <metrics statements="23" coveredstatements="23" conditionals="6" coveredconditionals="4" methods="5" coveredmethods="5"/>
      <line num="3" count="7" type="stmt"/>
      <line num="4" count="7" type="stmt"/>
      <line num="5" count="7" type="stmt"/>
      <line num="9" count="171" type="stmt"/>
      <line num="10" count="171" type="stmt"/>
      <line num="11" count="171" type="stmt"/>
      <line num="12" count="171" type="stmt"/>
      <line num="13" count="171" type="stmt"/>
      <line num="14" count="171" type="stmt"/>
      <line num="19" count="121" type="stmt"/>
      <line num="21" count="121" type="stmt"/>
      <line num="23" count="121" type="stmt"/>
      <line num="28" count="10" type="stmt"/>
      <line num="29" count="10" type="cond" truecount="2" falsecount="0"/>
      <line num="37" count="33" type="stmt"/>
      <line num="38" count="33" type="stmt"/>
      <line num="39" count="33" type="cond" truecount="1" falsecount="1"/>
      <line num="40" count="33" type="cond" truecount="1" falsecount="1"/>
      <line num="41" count="33" type="stmt"/>
      <line num="46" count="10" type="stmt"/>
      <line num="47" count="10" type="stmt"/>
      <line num="48" count="17" type="stmt"/>
      <line num="55" count="10" type="stmt"/>
    </file>
    <file name="media-session.ts" path="/workspace/app/src/engine/media-session.ts">
      <metrics statements="27" coveredstatements="25" conditionals="30" coveredconditionals="22" methods="10" coveredmethods="10"/>
      <line num="26" count="3" type="stmt"/>
      <line num="31" count="3" type="stmt"/>
      <line num="42" count="1" type="cond" truecount="3" falsecount="1"/>
      <line num="43" count="0" type="stmt"/>
      <line num="44" count="0" type="stmt"/>
      <line num="48" count="1" type="stmt"/>
      <line num="56" count="12" type="cond" truecount="2" falsecount="0"/>
      <line num="57" count="1" type="stmt"/>
      <line num="58" count="1" type="cond" truecount="3" falsecount="1"/>
      <line num="59" count="12" type="cond" truecount="2" falsecount="0"/>
      <line num="60" count="12" type="cond" truecount="2" falsecount="0"/>
      <line num="61" count="12" type="stmt"/>
      <line num="84" count="1" type="cond" truecount="1" falsecount="1"/>
      <line num="85" count="1" type="stmt"/>
      <line num="89" count="7" type="stmt"/>
      <line num="90" count="7" type="stmt"/>
      <line num="95" count="1" type="stmt"/>
      <line num="96" count="1" type="stmt"/>
      <line num="97" count="1" type="stmt"/>
      <line num="98" count="1" type="stmt"/>
      <line num="99" count="1" type="cond" truecount="1" falsecount="1"/>
      <line num="100" count="1" type="cond" truecount="1" falsecount="1"/>
      <line num="101" count="1" type="stmt"/>
      <line num="102" count="1" type="cond" truecount="1" falsecount="1"/>
      <line num="111" count="1" type="cond" truecount="4" falsecount="1"/>
      <line num="112" count="1" type="stmt"/>
      <line num="113" count="1" type="stmt"/>
    </file>
    <file name="persist.ts" path="/workspace/app/src/engine/persist.ts">
      <metrics statements="37" coveredstatements="34" conditionals="25" coveredconditionals="21" methods="11" coveredmethods="10"/>
      <line num="4" count="3" type="stmt"/>
      <line num="7" count="24" type="stmt"/>
      <line num="8" count="30" type="stmt"/>
      <line num="12" count="17" type="stmt"/>
      <line num="13" count="17" type="stmt"/>
      <line num="14" count="17" type="cond" truecount="2" falsecount="0"/>
      <line num="15" count="3" type="stmt"/>
      <line num="16" count="3" type="cond" truecount="2" falsecount="0"/>
      <line num="17" count="2" type="cond" truecount="4" falsecount="0"/>
      <line num="18" count="1" type="stmt"/>
      <line num="20" count="0" type="stmt"/>
      <line num="25" count="4" type="stmt"/>
      <line num="26" count="4" type="stmt"/>
      <line num="27" count="4" type="stmt"/>
      <line num="34" count="19" type="stmt"/>
      <line num="35" count="19" type="stmt"/>
      <line num="36" count="19" type="cond" truecount="2" falsecount="0"/>
      <line num="37" count="6" type="stmt"/>
      <line num="38" count="6" type="cond" truecount="1" falsecount="1"/>
      <line num="39" count="6" type="cond" truecount="3" falsecount="1"/>
      <line num="40" count="6" type="cond" truecount="2" falsecount="2"/>
      <line num="41" count="6" type="stmt"/>
      <line num="43" count="0" type="stmt"/>
      <line num="52" count="8" type="stmt"/>
      <line num="53" count="8" type="stmt"/>
      <line num="60" count="8" type="stmt"/>
      <line num="67" count="2" type="stmt"/>
      <line num="68" count="2" type="stmt"/>
      <line num="75" count="15" type="stmt"/>
      <line num="76" count="15" type="cond" truecount="2" falsecount="0"/>
      <line num="77" count="1" type="stmt"/>
      <line num="84" count="0" type="stmt"/>
      <line num="88" count="2" type="stmt"/>
      <line num="89" count="2" type="stmt"/>
      <line num="90" count="2" type="stmt"/>
      <line num="97" count="4" type="stmt"/>
      <line num="98" count="4" type="cond" truecount="3" falsecount="0"/>
    </file>
    <file name="playback.ts" path="/workspace/app/src/engine/playback.ts">
      <metrics statements="71" coveredstatements="68" conditionals="13" coveredconditionals="11" methods="20" coveredmethods="18"/>
      <line num="29" count="21" type="stmt"/>
      <line num="30" count="21" type="stmt"/>
      <line num="31" count="21" type="stmt"/>
      <line num="32" count="21" type="stmt"/>
      <line num="33" count="21" type="stmt"/>
      <line num="34" count="21" type="stmt"/>
      <line num="35" count="21" type="stmt"/>
      <line num="36" count="21" type="stmt"/>
      <line num="37" count="21" type="stmt"/>
      <line num="41" count="21" type="stmt"/>
      <line num="42" count="21" type="stmt"/>
      <line num="43" count="2" type="stmt"/>
      <line num="45" count="0" type="stmt"/>
      <line num="46" count="0" type="stmt"/>
      <line num="47" count="0" type="stmt"/>
      <line num="53" count="4" type="stmt"/>
      <line num="54" count="2" type="stmt"/>
      <line num="55" count="2" type="stmt"/>
      <line num="59" count="15" type="stmt"/>
      <line num="60" count="15" type="stmt"/>
      <line num="64" count="218" type="stmt"/>
      <line num="76" count="20" type="stmt"/>
      <line num="77" count="20" type="stmt"/>
      <line num="78" count="20" type="stmt"/>
      <line num="79" count="20" type="stmt"/>
      <line num="80" count="20" type="stmt"/>
      <line num="82" count="20" type="stmt"/>
      <line num="83" count="20" type="stmt"/>
      <line num="84" count="20" type="stmt"/>
      <line num="87" count="20" type="cond" truecount="2" falsecount="0"/>
      <line num="88" count="12" type="stmt"/>
      <line num="90" count="8" type="stmt"/>
      <line num="95" count="2" type="cond" truecount="3" falsecount="1"/>
      <line num="96" count="2" type="stmt"/>
      <line num="97" count="2" type="stmt"/>
      <line num="98" count="2" type="stmt"/>
      <line num="99" count="2" type="stmt"/>
      <line num="104" count="6" type="stmt"/>
      <line num="105" count="6" type="stmt"/>
      <line num="106" count="6" type="stmt"/>
      <line num="110" count="8" type="stmt"/>
      <line num="111" count="8" type="stmt"/>
      <line num="115" count="1" type="stmt"/>
      <line num="116" count="1" type="stmt"/>
      <line num="120" count="2" type="stmt"/>
      <line num="121" count="2" type="stmt"/>
      <line num="125" count="2" type="stmt"/>
      <line num="126" count="2" type="stmt"/>
      <line num="131" count="2" type="stmt"/>
      <line num="132" count="2" type="stmt"/>
      <line num="133" count="2" type="stmt"/>
      <line num="138" count="2" type="stmt"/>
      <line num="139" count="2" type="stmt"/>
      <line num="143" count="2" type="stmt"/>
      <line num="147" count="7" type="stmt"/>
      <line num="148" count="7" type="stmt"/>
      <line num="149" count="7" type="stmt"/>
      <line num="151" count="7" type="cond" truecount="1" falsecount="1"/>
      <line num="152" count="7" type="cond" truecount="2" falsecount="0"/>
      <line num="153" count="3" type="stmt"/>
      <line num="155" count="7" type="stmt"/>
      <line num="156" count="7" type="stmt"/>
      <line num="157" count="7" type="stmt"/>
      <line num="160" count="7" type="cond" truecount="2" falsecount="0"/>
      <line num="161" count="3" type="stmt"/>
      <line num="162" count="3" type="stmt"/>
      <line num="163" count="3" type="stmt"/>
      <line num="165" count="4" type="stmt"/>
      <line num="166" count="4" type="stmt"/>
      <line num="167" count="4" type="stmt"/>
      <line num="172" count="50" type="stmt"/>
    </file>
    <file name="position.ts" path="/workspace/app/src/engine/position.ts">
      <metrics statements="60" coveredstatements="58" conditionals="22" coveredconditionals="18" methods="20" coveredmethods="17"/>
      <line num="12" count="1" type="stmt"/>
      <line num="16" count="1" type="stmt"/>
      <line num="20" count="0" type="stmt"/>
      <line num="24" count="1" type="stmt"/>
      <line num="25" count="1" type="stmt"/>
      <line num="32" count="1" type="cond" truecount="1" falsecount="1"/>
      <line num="33" count="1" type="stmt"/>
      <line num="34" count="1" type="stmt"/>
      <line num="50" count="10" type="stmt"/>
      <line num="51" count="10" type="stmt"/>
      <line num="52" count="10" type="stmt"/>
      <line num="53" count="10" type="stmt"/>
      <line num="54" count="10" type="stmt"/>
      <line num="55" count="10" type="stmt"/>
      <line num="61" count="10" type="stmt"/>
      <line num="62" count="10" type="stmt"/>
      <line num="63" count="10" type="stmt"/>
      <line num="64" count="10" type="cond" truecount="2" falsecount="0"/>
      <line num="65" count="10" type="cond" truecount="2" falsecount="0"/>
      <line num="66" count="10" type="stmt"/>
      <line num="67" count="10" type="stmt"/>
      <line num="71" count="6" type="stmt"/>
      <line num="75" count="9" type="stmt"/>
      <line num="76" count="9" type="stmt"/>
      <line num="77" count="9" type="stmt"/>
      <line num="81" count="1" type="cond" truecount="1" falsecount="1"/>
      <line num="82" count="1" type="stmt"/>
      <line num="83" count="1" type="stmt"/>
      <line num="85" count="1" type="stmt"/>
      <line num="89" count="3" type="stmt"/>
      <line num="93" count="4" type="stmt"/>
      <line num="97" count="2" type="stmt"/>
      <line num="98" count="2" type="stmt"/>
      <line num="102" count="0" type="stmt"/>
      <line num="106" count="17" type="stmt"/>
      <line num="110" count="4" type="stmt"/>
      <line num="114" count="4" type="stmt"/>
      <line num="118" count="3" type="stmt"/>
      <line num="123" count="24" type="cond" truecount="3" falsecount="1"/>
      <line num="125" count="24" type="stmt"/>
      <line num="126" count="24" type="stmt"/>
      <line num="127" count="24" type="stmt"/>
      <line num="129" count="24" type="cond" truecount="2" falsecount="0"/>
      <line num="130" count="27" type="stmt"/>
      <line num="131" count="27" type="cond" truecount="2" falsecount="0"/>
      <line num="132" count="21" type="stmt"/>
      <line num="133" count="21" type="stmt"/>
      <line num="135" count="6" type="stmt"/>
      <line num="136" count="6" type="stmt"/>
      <line num="137" count="6" type="stmt"/>
      <line num="141" count="24" type="cond" truecount="2" falsecount="0"/>
      <line num="142" count="3" type="stmt"/>
      <line num="143" count="3" type="stmt"/>
      <line num="144" count="3" type="stmt"/>
      <line num="147" count="24" type="stmt"/>
      <line num="149" count="24" type="cond" truecount="2" falsecount="0"/>
      <line num="150" count="2" type="stmt"/>
      <line num="153" count="24" type="stmt"/>
      <line num="157" count="33" type="cond" truecount="1" falsecount="1"/>
      <line num="158" count="33" type="stmt"/>
    </file>
    <file name="triggers.ts" path="/workspace/app/src/engine/triggers.ts">
      <metrics statements="20" coveredstatements="20" conditionals="29" coveredconditionals="27" methods="3" coveredmethods="3"/>
      <line num="21" count="125" type="cond" truecount="1" falsecount="1"/>
      <line num="22" count="125" type="cond" truecount="2" falsecount="0"/>
      <line num="23" count="125" type="cond" truecount="2" falsecount="0"/>
      <line num="24" count="125" type="stmt"/>
      <line num="26" count="125" type="stmt"/>
      <line num="27" count="352" type="cond" truecount="2" falsecount="0"/>
      <line num="28" count="351" type="cond" truecount="2" falsecount="0"/>
      <line num="29" count="239" type="cond" truecount="2" falsecount="0"/>
      <line num="31" count="30" type="stmt"/>
      <line num="32" count="30" type="cond" truecount="2" falsecount="0"/>
      <line num="35" count="18" type="cond" truecount="3" falsecount="0"/>
      <line num="39" count="352" type="cond" truecount="2" falsecount="0"/>
      <line num="40" count="17" type="stmt"/>
      <line num="43" count="125" type="stmt"/>
      <line num="51" count="3" type="stmt"/>
      <line num="52" count="3" type="cond" truecount="1" falsecount="1"/>
      <line num="53" count="3" type="stmt"/>
      <line num="65" count="10" type="cond" truecount="2" falsecount="0"/>
      <line num="66" count="6" type="cond" truecount="2" falsecount="0"/>
      <line num="67" count="4" type="stmt"/>
    </file>
    <file name="types.ts" path="/workspace/app/src/engine/types.ts">
      <metrics statements="0" coveredstatements="0" conditionals="0" coveredconditionals="0" methods="0" coveredmethods="0"/>
    </file>
    <file name="wake-lock.ts" path="/workspace/app/src/engine/wake-lock.ts">
      <metrics statements="24" coveredstatements="23" conditionals="14" coveredconditionals="11" methods="13" coveredmethods="10"/>
      <line num="17" count="2" type="cond" truecount="4" falsecount="0"/>
      <line num="18" count="1" type="stmt"/>
      <line num="22" count="1" type="cond" truecount="1" falsecount="1"/>
      <line num="23" count="1" type="stmt"/>
      <line num="27" count="2" type="cond" truecount="1" falsecount="1"/>
      <line num="28" count="2" type="stmt"/>
      <line num="29" count="2" type="stmt"/>
      <line num="34" count="2" type="stmt"/>
      <line num="35" count="2" type="stmt"/>
      <line num="37" count="2" type="stmt"/>
      <line num="38" count="3" type="cond" truecount="2" falsecount="0"/>
      <line num="39" count="2" type="stmt"/>
      <line num="42" count="2" type="stmt"/>
      <line num="43" count="2" type="stmt"/>
      <line num="44" count="0" type="stmt"/>
      <line num="52" count="2" type="stmt"/>
      <line num="53" count="1" type="cond" truecount="3" falsecount="1"/>
      <line num="56" count="2" type="stmt"/>
      <line num="58" count="2" type="stmt"/>
      <line num="61" count="2" type="stmt"/>
      <line num="62" count="2" type="stmt"/>
      <line num="65" count="2" type="stmt"/>
      <line num="66" count="2" type="stmt"/>
      <line num="67" count="2" type="stmt"/>
    </file>
  </project>
</coverage>
