{"/workspace/app/src/engine/chime.ts": {"path":"/workspace/app/src/engine/chime.ts","statementMap":{"0":{"start":{"line":14,"column":2},"end":{"line":14,"column":null}},"1":{"start":{"line":14,"column":41},"end":{"line":14,"column":null}},"2":{"start":{"line":15,"column":12},"end":{"line":15,"column":null}},"3":{"start":{"line":19,"column":2},"end":{"line":19,"column":null}},"4":{"start":{"line":26,"column":38},"end":{"line":26,"column":null}},"5":{"start":{"line":28,"column":2},"end":{"line":57,"column":null}},"6":{"start":{"line":30,"column":6},"end":{"line":54,"column":null}},"7":{"start":{"line":31,"column":21},"end":{"line":31,"column":null}},"8":{"start":{"line":32,"column":8},"end":{"line":35,"column":null}},"9":{"start":{"line":33,"column":10},"end":{"line":33,"column":null}},"10":{"start":{"line":34,"column":10},"end":{"line":34,"column":null}},"11":{"start":{"line":36,"column":8},"end":{"line":36,"column":null}},"12":{"start":{"line":37,"column":18},"end":{"line":37,"column":null}},"13":{"start":{"line":38,"column":8},"end":{"line":51,"column":null}},"14":{"start":{"line":39,"column":20},"end":{"line":39,"column":null}},"15":{"start":{"line":40,"column":20},"end":{"line":40,"column":null}},"16":{"start":{"line":41,"column":10},"end":{"line":41,"column":null}},"17":{"start":{"line":42,"column":10},"end":{"line":42,"column":null}},"18":{"start":{"line":43,"column":24},"end":{"line":43,"column":null}},"19":{"start":{"line":44,"column":10},"end":{"line":44,"column":null}},"20":{"start":{"line":45,"column":10},"end":{"line":45,"column":null}},"21":{"start":{"line":46,"column":10},"end":{"line":46,"column":null}},"22":{"start":{"line":47,"column":10},"end":{"line":47,"column":null}},"23":{"start":{"line":48,"column":10},"end":{"line":48,"column":null}},"24":{"start":{"line":49,"column":10},"end":{"line":49,"column":null}},"25":{"start":{"line":50,"column":10},"end":{"line":50,"column":null}},"26":{"start":{"line":55,"column":6},"end":{"line":55,"column":null}},"27":{"start":{"line":62,"column":16},"end":{"line":62,"column":null}},"28":{"start":{"line":63,"column":2},"end":{"line":71,"column":null}},"29":{"start":{"line":65,"column":6},"end":{"line":65,"column":null}},"30":{"start":{"line":68,"column":6},"end":{"line":68,"column":null}},"31":{"start":{"line":69,"column":6},"end":{"line":69,"column":null}}},"fnMap":{"0":{"name":"getAudioContextCtor","decl":{"start":{"line":13,"column":9},"end":{"line":13,"column":56}},"loc":{"start":{"line":13,"column":56},"end":{"line":20,"column":null}},"line":13},"1":{"name":"createWebChime","decl":{"start":{"line":23,"column":16},"end":{"line":23,"column":31}},"loc":{"start":{"line":25,"column":14},"end":{"line":58,"column":null}},"line":25},"2":{"name":"play","decl":{"start":{"line":29,"column":4},"end":{"line":29,"column":9}},"loc":{"start":{"line":29,"column":33},"end":{"line":56,"column":null}},"line":29},"3":{"name":"(anonymous_3)","decl":{"start":{"line":38,"column":28},"end":{"line":38,"column":29}},"loc":{"start":{"line":38,"column":38},"end":{"line":51,"column":9}},"line":38},"4":{"name":"createMockChime","decl":{"start":{"line":61,"column":16},"end":{"line":61,"column":65}},"loc":{"start":{"line":61,"column":65},"end":{"line":72,"column":null}},"line":61},"5":{"name":"count","decl":{"start":{"line":64,"column":8},"end":{"line":64,"column":16}},"loc":{"start":{"line":64,"column":16},"end":{"line":66,"column":null}},"line":64},"6":{"name":"play_2","decl":{"start":{"line":67,"column":4},"end":{"line":67,"column":9}},"loc":{"start":{"line":67,"column":33},"end":{"line":70,"column":null}},"line":67}},"branchMap":{"0":{"loc":{"start":{"line":14,"column":2},"end":{"line":14,"column":null}},"type":"if","locations":[{"start":{"line":14,"column":2},"end":{"line":14,"column":null}},{"start":{},"end":{}}],"line":14},"1":{"loc":{"start":{"line":19,"column":9},"end":{"line":19,"column":null}},"type":"binary-expr","locations":[{"start":{"line":19,"column":9},"end":{"line":19,"column":27}},{"start":{"line":19,"column":27},"end":{"line":19,"column":51}},{"start":{"line":19,"column":51},"end":{"line":19,"column":null}}],"line":19},"2":{"loc":{"start":{"line":32,"column":8},"end":{"line":35,"column":null}},"type":"if","locations":[{"start":{"line":32,"column":8},"end":{"line":35,"column":null}},{"start":{},"end":{}}],"line":32},"3":{"loc":{"start":{"line":36,"column":19},"end":{"line":36,"column":null}},"type":"binary-expr","locations":[{"start":{"line":36,"column":19},"end":{"line":36,"column":31}},{"start":{"line":36,"column":31},"end":{"line":36,"column":null}}],"line":36}},"s":{"0":2,"1":0,"2":2,"3":2,"4":2,"5":2,"6":2,"7":2,"8":2,"9":1,"10":1,"11":1,"12":2,"13":2,"14":2,"15":2,"16":2,"17":2,"18":2,"19":2,"20":2,"21":2,"22":2,"23":2,"24":2,"25":2,"26":1,"27":23,"28":23,"29":7,"30":15,"31":15},"f":{"0":2,"1":2,"2":2,"3":2,"4":23,"5":7,"6":15},"b":{"0":[0,2],"1":[2,1,1],"2":[1,1],"3":[1,1]},"meta":{"lastBranch":4,"lastFunction":7,"lastStatement":32,"seen":{"f:13:9:13:56":0,"b:14:2:14:Infinity:undefined:undefined:undefined:undefined":0,"s:14:2:14:Infinity":0,"s:14:41:14:Infinity":1,"s:15:12:15:Infinity":2,"s:19:2:19:Infinity":3,"b:19:9:19:27:19:27:19:51:19:51:19:Infinity":1,"f:23:16:23:31":1,"s:26:38:26:Infinity":4,"s:28:2:57:Infinity":5,"f:29:4:29:9":2,"s:30:6:54:Infinity":6,"s:31:21:31:Infinity":7,"b:32:8:35:Infinity:undefined:undefined:undefined:undefined":2,"s:32:8:35:Infinity":8,"s:33:10:33:Infinity":9,"s:34:10:34:Infinity":10,"s:36:8:36:Infinity":11,"b:36:19:36:31:36:31:36:Infinity":3,"s:37:18:37:Infinity":12,"s:38:8:51:Infinity":13,"f:38:28:38:29":3,"s:39:20:39:Infinity":14,"s:40:20:40:Infinity":15,"s:41:10:41:Infinity":16,"s:42:10:42:Infinity":17,"s:43:24:43:Infinity":18,"s:44:10:44:Infinity":19,"s:45:10:45:Infinity":20,"s:46:10:46:Infinity":21,"s:47:10:47:Infinity":22,"s:48:10:48:Infinity":23,"s:49:10:49:Infinity":24,"s:50:10:50:Infinity":25,"s:55:6:55:Infinity":26,"f:61:16:61:65":4,"s:62:16:62:Infinity":27,"s:63:2:71:Infinity":28,"f:64:8:64:16":5,"s:65:6:65:Infinity":29,"f:67:4:67:9":6,"s:68:6:68:Infinity":30,"s:69:6:69:Infinity":31},"fnNames":{}}}
,"/workspace/app/src/engine/constants.ts": {"path":"/workspace/app/src/engine/constants.ts","statementMap":{"0":{"start":{"line":2,"column":26},"end":{"line":2,"column":null}},"1":{"start":{"line":3,"column":24},"end":{"line":3,"column":null}},"2":{"start":{"line":4,"column":24},"end":{"line":4,"column":null}},"3":{"start":{"line":5,"column":23},"end":{"line":5,"column":null}},"4":{"start":{"line":6,"column":34},"end":{"line":6,"column":null}},"5":{"start":{"line":7,"column":33},"end":{"line":7,"column":null}},"6":{"start":{"line":8,"column":27},"end":{"line":8,"column":null}},"7":{"start":{"line":9,"column":35},"end":{"line":9,"column":null}},"8":{"start":{"line":10,"column":28},"end":{"line":10,"column":null}},"9":{"start":{"line":11,"column":29},"end":{"line":11,"column":null}},"10":{"start":{"line":12,"column":28},"end":{"line":12,"column":null}},"11":{"start":{"line":13,"column":29},"end":{"line":13,"column":null}},"12":{"start":{"line":14,"column":30},"end":{"line":14,"column":null}},"13":{"start":{"line":15,"column":36},"end":{"line":15,"column":null}},"14":{"start":{"line":16,"column":38},"end":{"line":16,"column":null}}},"fnMap":{},"branchMap":{},"s":{"0":9,"1":9,"2":9,"3":9,"4":9,"5":9,"6":9,"7":9,"8":9,"9":9,"10":9,"11":9,"12":9,"13":9,"14":9},"f":{},"b":{},"meta":{"lastBranch":0,"lastFunction":0,"lastStatement":15,"seen":{"s:2:26:2:Infinity":0,"s:3:24:3:Infinity":1,"s:4:24:4:Infinity":2,"s:5:23:5:Infinity":3,"s:6:34:6:Infinity":4,"s:7:33:7:Infinity":5,"s:8:27:8:Infinity":6,"s:9:35:9:Infinity":7,"s:10:28:10:Infinity":8,"s:11:29:11:Infinity":9,"s:12:28:12:Infinity":10,"s:13:29:13:Infinity":11,"s:14:30:14:Infinity":12,"s:15:36:15:Infinity":13,"s:16:38:16:Infinity":14},"fnNames":{}}}
,"/workspace/app/src/engine/engine.ts": {"path":"/workspace/app/src/engine/engine.ts","statementMap":{"0":{"start":{"line":51,"column":38},"end":{"line":51,"column":null}},"1":{"start":{"line":52,"column":22},"end":{"line":52,"column":null}},"2":{"start":{"line":53,"column":46},"end":{"line":53,"column":null}},"3":{"start":{"line":54,"column":32},"end":{"line":54,"column":null}},"4":{"start":{"line":55,"column":31},"end":{"line":55,"column":null}},"5":{"start":{"line":56,"column":31},"end":{"line":56,"column":null}},"6":{"start":{"line":57,"column":16},"end":{"line":57,"column":null}},"7":{"start":{"line":58,"column":35},"end":{"line":58,"column":null}},"8":{"start":{"line":59,"column":18},"end":{"line":59,"column":null}},"9":{"start":{"line":60,"column":19},"end":{"line":60,"column":null}},"10":{"start":{"line":61,"column":24},"end":{"line":61,"column":null}},"11":{"start":{"line":63,"column":20},"end":{"line":63,"column":null}},"12":{"start":{"line":64,"column":20},"end":{"line":64,"column":null}},"13":{"start":{"line":66,"column":19},"end":{"line":71,"column":null}},"14":{"start":{"line":69,"column":28},"end":{"line":69,"column":null}},"15":{"start":{"line":70,"column":23},"end":{"line":70,"column":null}},"16":{"start":{"line":73,"column":23},"end":{"line":73,"column":null}},"17":{"start":{"line":74,"column":19},"end":{"line":74,"column":null}},"18":{"start":{"line":76,"column":2},"end":{"line":93,"column":null}},"19":{"start":{"line":77,"column":4},"end":{"line":92,"column":null}},"20":{"start":{"line":78,"column":18},"end":{"line":78,"column":null}},"21":{"start":{"line":79,"column":19},"end":{"line":79,"column":null}},"22":{"start":{"line":80,"column":18},"end":{"line":80,"column":null}},"23":{"start":{"line":81,"column":18},"end":{"line":81,"column":null}},"24":{"start":{"line":83,"column":18},"end":{"line":83,"column":null}},"25":{"start":{"line":84,"column":8},"end":{"line":84,"column":null}},"26":{"start":{"line":87,"column":18},"end":{"line":87,"column":null}},"27":{"start":{"line":88,"column":18},"end":{"line":88,"column":null}},"28":{"start":{"line":89,"column":8},"end":{"line":89,"column":null}},"29":{"start":{"line":91,"column":24},"end":{"line":91,"column":null}},"30":{"start":{"line":95,"column":2},"end":{"line":117,"column":null}},"31":{"start":{"line":96,"column":4},"end":{"line":100,"column":null}},"32":{"start":{"line":97,"column":6},"end":{"line":97,"column":null}},"33":{"start":{"line":98,"column":6},"end":{"line":98,"column":null}},"34":{"start":{"line":98,"column":20},"end":{"line":98,"column":null}},"35":{"start":{"line":99,"column":6},"end":{"line":99,"column":null}},"36":{"start":{"line":101,"column":4},"end":{"line":105,"column":null}},"37":{"start":{"line":102,"column":6},"end":{"line":102,"column":null}},"38":{"start":{"line":102,"column":31},"end":{"line":102,"column":null}},"39":{"start":{"line":103,"column":6},"end":{"line":103,"column":null}},"40":{"start":{"line":104,"column":6},"end":{"line":104,"column":null}},"41":{"start":{"line":106,"column":4},"end":{"line":109,"column":null}},"42":{"start":{"line":107,"column":6},"end":{"line":107,"column":null}},"43":{"start":{"line":108,"column":6},"end":{"line":108,"column":null}},"44":{"start":{"line":110,"column":4},"end":{"line":112,"column":null}},"45":{"start":{"line":111,"column":6},"end":{"line":111,"column":null}},"46":{"start":{"line":111,"column":40},"end":{"line":111,"column":44}},"47":{"start":{"line":113,"column":4},"end":{"line":115,"column":null}},"48":{"start":{"line":114,"column":6},"end":{"line":114,"column":null}},"49":{"start":{"line":116,"column":4},"end":{"line":116,"column":null}},"50":{"start":{"line":120,"column":16},"end":{"line":120,"column":null}},"51":{"start":{"line":121,"column":4},"end":{"line":121,"column":null}},"52":{"start":{"line":121,"column":14},"end":{"line":121,"column":null}},"53":{"start":{"line":122,"column":4},"end":{"line":122,"column":null}},"54":{"start":{"line":122,"column":26},"end":{"line":122,"column":null}},"55":{"start":{"line":126,"column":4},"end":{"line":126,"column":null}},"56":{"start":{"line":130,"column":4},"end":{"line":132,"column":null}},"57":{"start":{"line":131,"column":6},"end":{"line":131,"column":null}},"58":{"start":{"line":136,"column":4},"end":{"line":136,"column":null}},"59":{"start":{"line":136,"column":19},"end":{"line":136,"column":null}},"60":{"start":{"line":137,"column":15},"end":{"line":137,"column":null}},"61":{"start":{"line":138,"column":10},"end":{"line":141,"column":null}},"62":{"start":{"line":140,"column":41},"end":{"line":140,"column":45}},"63":{"start":{"line":143,"column":4},"end":{"line":151,"column":null}},"64":{"start":{"line":144,"column":6},"end":{"line":144,"column":null}},"65":{"start":{"line":145,"column":6},"end":{"line":149,"column":null}},"66":{"start":{"line":146,"column":8},"end":{"line":146,"column":null}},"67":{"start":{"line":148,"column":8},"end":{"line":148,"column":null}},"68":{"start":{"line":150,"column":6},"end":{"line":150,"column":null}},"69":{"start":{"line":155,"column":15},"end":{"line":155,"column":null}},"70":{"start":{"line":156,"column":4},"end":{"line":156,"column":null}},"71":{"start":{"line":157,"column":4},"end":{"line":157,"column":null}},"72":{"start":{"line":158,"column":4},"end":{"line":158,"column":null}},"73":{"start":{"line":159,"column":4},"end":{"line":159,"column":null}},"74":{"start":{"line":160,"column":4},"end":{"line":160,"column":null}},"75":{"start":{"line":161,"column":4},"end":{"line":161,"column":null}},"76":{"start":{"line":165,"column":4},"end":{"line":165,"column":null}},"77":{"start":{"line":165,"column":37},"end":{"line":165,"column":null}},"78":{"start":{"line":166,"column":4},"end":{"line":170,"column":null}},"79":{"start":{"line":174,"column":4},"end":{"line":174,"column":null}},"80":{"start":{"line":175,"column":4},"end":{"line":175,"column":null}},"81":{"start":{"line":175,"column":27},"end":{"line":175,"column":null}},"82":{"start":{"line":176,"column":4},"end":{"line":176,"column":null}},"83":{"start":{"line":176,"column":32},"end":{"line":176,"column":null}},"84":{"start":{"line":177,"column":4},"end":{"line":177,"column":null}},"85":{"start":{"line":177,"column":22},"end":{"line":177,"column":null}},"86":{"start":{"line":180,"column":29},"end":{"line":341,"column":null}},"87":{"start":{"line":182,"column":6},"end":{"line":182,"column":null}},"88":{"start":{"line":183,"column":6},"end":{"line":183,"column":null}},"89":{"start":{"line":184,"column":6},"end":{"line":184,"column":null}},"90":{"start":{"line":185,"column":6},"end":{"line":185,"column":null}},"91":{"start":{"line":186,"column":6},"end":{"line":186,"column":null}},"92":{"start":{"line":187,"column":12},"end":{"line":187,"column":null}},"93":{"start":{"line":188,"column":6},"end":{"line":191,"column":null}},"94":{"start":{"line":189,"column":8},"end":{"line":189,"column":null}},"95":{"start":{"line":190,"column":8},"end":{"line":190,"column":null}},"96":{"start":{"line":192,"column":6},"end":{"line":192,"column":null}},"97":{"start":{"line":196,"column":6},"end":{"line":196,"column":null}},"98":{"start":{"line":197,"column":6},"end":{"line":197,"column":null}},"99":{"start":{"line":198,"column":6},"end":{"line":198,"column":null}},"100":{"start":{"line":200,"column":6},"end":{"line":217,"column":null}},"101":{"start":{"line":201,"column":20},"end":{"line":201,"column":null}},"102":{"start":{"line":202,"column":8},"end":{"line":204,"column":null}},"103":{"start":{"line":203,"column":10},"end":{"line":203,"column":null}},"104":{"start":{"line":205,"column":8},"end":{"line":205,"column":null}},"105":{"start":{"line":205,"column":31},"end":{"line":205,"column":null}},"106":{"start":{"line":206,"column":8},"end":{"line":206,"column":null}},"107":{"start":{"line":206,"column":27},"end":{"line":206,"column":null}},"108":{"start":{"line":207,"column":8},"end":{"line":210,"column":null}},"109":{"start":{"line":208,"column":10},"end":{"line":208,"column":null}},"110":{"start":{"line":209,"column":10},"end":{"line":209,"column":null}},"111":{"start":{"line":211,"column":6},"end":{"line":217,"column":null}},"112":{"start":{"line":212,"column":8},"end":{"line":214,"column":null}},"113":{"start":{"line":213,"column":10},"end":{"line":213,"column":null}},"114":{"start":{"line":215,"column":8},"end":{"line":215,"column":null}},"115":{"start":{"line":215,"column":31},"end":{"line":215,"column":null}},"116":{"start":{"line":216,"column":8},"end":{"line":216,"column":null}},"117":{"start":{"line":216,"column":27},"end":{"line":216,"column":null}},"118":{"start":{"line":219,"column":6},"end":{"line":222,"column":null}},"119":{"start":{"line":220,"column":8},"end":{"line":220,"column":null}},"120":{"start":{"line":220,"column":36},"end":{"line":220,"column":null}},"121":{"start":{"line":221,"column":8},"end":{"line":221,"column":null}},"122":{"start":{"line":224,"column":6},"end":{"line":224,"column":null}},"123":{"start":{"line":225,"column":6},"end":{"line":225,"column":null}},"124":{"start":{"line":229,"column":19},"end":{"line":229,"column":null}},"125":{"start":{"line":229,"column":37},"end":{"line":229,"column":52}},"126":{"start":{"line":230,"column":6},"end":{"line":230,"column":null}},"127":{"start":{"line":230,"column":17},"end":{"line":230,"column":null}},"128":{"start":{"line":232,"column":6},"end":{"line":235,"column":null}},"129":{"start":{"line":233,"column":8},"end":{"line":233,"column":null}},"130":{"start":{"line":234,"column":8},"end":{"line":234,"column":null}},"131":{"start":{"line":237,"column":6},"end":{"line":241,"column":null}},"132":{"start":{"line":238,"column":8},"end":{"line":238,"column":null}},"133":{"start":{"line":240,"column":8},"end":{"line":240,"column":null}},"134":{"start":{"line":242,"column":6},"end":{"line":242,"column":null}},"135":{"start":{"line":246,"column":6},"end":{"line":246,"column":null}},"136":{"start":{"line":247,"column":6},"end":{"line":247,"column":null}},"137":{"start":{"line":248,"column":6},"end":{"line":248,"column":null}},"138":{"start":{"line":252,"column":6},"end":{"line":252,"column":null}},"139":{"start":{"line":253,"column":6},"end":{"line":253,"column":null}},"140":{"start":{"line":254,"column":6},"end":{"line":254,"column":null}},"141":{"start":{"line":258,"column":6},"end":{"line":258,"column":null}},"142":{"start":{"line":259,"column":6},"end":{"line":259,"column":null}},"143":{"start":{"line":263,"column":6},"end":{"line":263,"column":null}},"144":{"start":{"line":264,"column":6},"end":{"line":264,"column":null}},"145":{"start":{"line":268,"column":6},"end":{"line":268,"column":null}},"146":{"start":{"line":269,"column":6},"end":{"line":269,"column":null}},"147":{"start":{"line":273,"column":6},"end":{"line":273,"column":null}},"148":{"start":{"line":274,"column":6},"end":{"line":274,"column":null}},"149":{"start":{"line":278,"column":6},"end":{"line":278,"column":null}},"150":{"start":{"line":278,"column":21},"end":{"line":278,"column":null}},"151":{"start":{"line":279,"column":6},"end":{"line":279,"column":null}},"152":{"start":{"line":280,"column":6},"end":{"line":280,"column":null}},"153":{"start":{"line":281,"column":6},"end":{"line":281,"column":null}},"154":{"start":{"line":282,"column":6},"end":{"line":282,"column":null}},"155":{"start":{"line":283,"column":6},"end":{"line":283,"column":null}},"156":{"start":{"line":284,"column":6},"end":{"line":284,"column":null}},"157":{"start":{"line":284,"column":46},"end":{"line":284,"column":null}},"158":{"start":{"line":285,"column":6},"end":{"line":285,"column":null}},"159":{"start":{"line":289,"column":6},"end":{"line":289,"column":null}},"160":{"start":{"line":289,"column":39},"end":{"line":289,"column":null}},"161":{"start":{"line":290,"column":6},"end":{"line":290,"column":null}},"162":{"start":{"line":291,"column":6},"end":{"line":291,"column":null}},"163":{"start":{"line":292,"column":6},"end":{"line":292,"column":null}},"164":{"start":{"line":293,"column":6},"end":{"line":293,"column":null}},"165":{"start":{"line":297,"column":6},"end":{"line":297,"column":null}},"166":{"start":{"line":298,"column":6},"end":{"line":298,"column":null}},"167":{"start":{"line":299,"column":6},"end":{"line":299,"column":null}},"168":{"start":{"line":299,"column":18},"end":{"line":299,"column":null}},"169":{"start":{"line":300,"column":6},"end":{"line":300,"column":null}},"170":{"start":{"line":304,"column":6},"end":{"line":304,"column":null}},"171":{"start":{"line":304,"column":21},"end":{"line":304,"column":null}},"172":{"start":{"line":305,"column":6},"end":{"line":305,"column":null}},"173":{"start":{"line":309,"column":6},"end":{"line":309,"column":null}},"174":{"start":{"line":309,"column":33},"end":{"line":309,"column":null}},"175":{"start":{"line":310,"column":6},"end":{"line":310,"column":null}},"176":{"start":{"line":311,"column":6},"end":{"line":311,"column":null}},"177":{"start":{"line":311,"column":19},"end":{"line":311,"column":null}},"178":{"start":{"line":315,"column":17},"end":{"line":315,"column":null}},"179":{"start":{"line":316,"column":6},"end":{"line":332,"column":null}},"180":{"start":{"line":324,"column":35},"end":{"line":324,"column":39}},"181":{"start":{"line":336,"column":6},"end":{"line":336,"column":null}},"182":{"start":{"line":337,"column":6},"end":{"line":337,"column":null}},"183":{"start":{"line":338,"column":6},"end":{"line":338,"column":null}},"184":{"start":{"line":339,"column":6},"end":{"line":339,"column":null}},"185":{"start":{"line":343,"column":2},"end":{"line":343,"column":null}}},"fnMap":{"0":{"name":"createTourEngine","decl":{"start":{"line":50,"column":16},"end":{"line":50,"column":33}},"loc":{"start":{"line":50,"column":67},"end":{"line":344,"column":null}},"line":50},"1":{"name":"(anonymous_1)","decl":{"start":{"line":69,"column":14},"end":{"line":69,"column":15}},"loc":{"start":{"line":69,"column":28},"end":{"line":69,"column":null}},"line":69},"2":{"name":"(anonymous_2)","decl":{"start":{"line":70,"column":17},"end":{"line":70,"column":23}},"loc":{"start":{"line":70,"column":23},"end":{"line":70,"column":null}},"line":70},"3":{"name":"(anonymous_3)","decl":{"start":{"line":78,"column":12},"end":{"line":78,"column":18}},"loc":{"start":{"line":78,"column":18},"end":{"line":78,"column":null}},"line":78},"4":{"name":"(anonymous_4)","decl":{"start":{"line":79,"column":13},"end":{"line":79,"column":19}},"loc":{"start":{"line":79,"column":19},"end":{"line":79,"column":null}},"line":79},"5":{"name":"(anonymous_5)","decl":{"start":{"line":80,"column":12},"end":{"line":80,"column":18}},"loc":{"start":{"line":80,"column":18},"end":{"line":80,"column":null}},"line":80},"6":{"name":"(anonymous_6)","decl":{"start":{"line":81,"column":12},"end":{"line":81,"column":18}},"loc":{"start":{"line":81,"column":18},"end":{"line":81,"column":null}},"line":81},"7":{"name":"(anonymous_7)","decl":{"start":{"line":82,"column":20},"end":{"line":82,"column":21}},"loc":{"start":{"line":82,"column":32},"end":{"line":85,"column":null}},"line":82},"8":{"name":"(anonymous_8)","decl":{"start":{"line":86,"column":19},"end":{"line":86,"column":20}},"loc":{"start":{"line":86,"column":31},"end":{"line":90,"column":null}},"line":86},"9":{"name":"(anonymous_9)","decl":{"start":{"line":91,"column":14},"end":{"line":91,"column":15}},"loc":{"start":{"line":91,"column":24},"end":{"line":91,"column":null}},"line":91},"10":{"name":"(anonymous_10)","decl":{"start":{"line":95,"column":14},"end":{"line":95,"column":15}},"loc":{"start":{"line":95,"column":22},"end":{"line":117,"column":3}},"line":95},"11":{"name":"(anonymous_11)","decl":{"start":{"line":111,"column":33},"end":{"line":111,"column":34}},"loc":{"start":{"line":111,"column":40},"end":{"line":111,"column":44}},"line":111},"12":{"name":"emit","decl":{"start":{"line":119,"column":11},"end":{"line":119,"column":16}},"loc":{"start":{"line":119,"column":57},"end":{"line":123,"column":null}},"line":119},"13":{"name":"notifyState","decl":{"start":{"line":125,"column":11},"end":{"line":125,"column":31}},"loc":{"start":{"line":125,"column":31},"end":{"line":127,"column":null}},"line":125},"14":{"name":"updateHeading","decl":{"start":{"line":129,"column":11},"end":{"line":129,"column":25}},"loc":{"start":{"line":129,"column":43},"end":{"line":133,"column":null}},"line":129},"15":{"name":"checkTriggers","decl":{"start":{"line":135,"column":11},"end":{"line":135,"column":33}},"loc":{"start":{"line":135,"column":33},"end":{"line":152,"column":null}},"line":135},"16":{"name":"(anonymous_16)","decl":{"start":{"line":140,"column":34},"end":{"line":140,"column":35}},"loc":{"start":{"line":140,"column":41},"end":{"line":140,"column":45}},"line":140},"17":{"name":"onPosition","decl":{"start":{"line":154,"column":11},"end":{"line":154,"column":22}},"loc":{"start":{"line":154,"column":54},"end":{"line":162,"column":null}},"line":154},"18":{"name":"saveSimResume","decl":{"start":{"line":164,"column":11},"end":{"line":164,"column":33}},"loc":{"start":{"line":164,"column":33},"end":{"line":171,"column":null}},"line":164},"19":{"name":"syncFromSource","decl":{"start":{"line":173,"column":11},"end":{"line":173,"column":26}},"loc":{"start":{"line":173,"column":53},"end":{"line":178,"column":null}},"line":173},"20":{"name":"loadTour","decl":{"start":{"line":181,"column":4},"end":{"line":181,"column":13}},"loc":{"start":{"line":181,"column":57},"end":{"line":193,"column":null}},"line":181},"21":{"name":"setPositionSource","decl":{"start":{"line":195,"column":4},"end":{"line":195,"column":22}},"loc":{"start":{"line":195,"column":49},"end":{"line":226,"column":null}},"line":195},"22":{"name":"(anonymous_22)","decl":{"start":{"line":207,"column":22},"end":{"line":207,"column":23}},"loc":{"start":{"line":207,"column":31},"end":{"line":210,"column":9}},"line":207},"23":{"name":"(anonymous_23)","decl":{"start":{"line":219,"column":16},"end":{"line":219,"column":17}},"loc":{"start":{"line":219,"column":25},"end":{"line":222,"column":7}},"line":219},"24":{"name":"play","decl":{"start":{"line":228,"column":4},"end":{"line":228,"column":9}},"loc":{"start":{"line":228,"column":55},"end":{"line":243,"column":null}},"line":228},"25":{"name":"(anonymous_25)","decl":{"start":{"line":229,"column":30},"end":{"line":229,"column":31}},"loc":{"start":{"line":229,"column":37},"end":{"line":229,"column":52}},"line":229},"26":{"name":"pause","decl":{"start":{"line":245,"column":4},"end":{"line":245,"column":18}},"loc":{"start":{"line":245,"column":18},"end":{"line":249,"column":null}},"line":245},"27":{"name":"resume","decl":{"start":{"line":251,"column":4},"end":{"line":251,"column":19}},"loc":{"start":{"line":251,"column":19},"end":{"line":255,"column":null}},"line":251},"28":{"name":"next","decl":{"start":{"line":257,"column":4},"end":{"line":257,"column":17}},"loc":{"start":{"line":257,"column":17},"end":{"line":260,"column":null}},"line":257},"29":{"name":"prev","decl":{"start":{"line":262,"column":4},"end":{"line":262,"column":17}},"loc":{"start":{"line":262,"column":17},"end":{"line":265,"column":null}},"line":262},"30":{"name":"seek","decl":{"start":{"line":267,"column":4},"end":{"line":267,"column":9}},"loc":{"start":{"line":267,"column":32},"end":{"line":270,"column":null}},"line":267},"31":{"name":"clearQueue","decl":{"start":{"line":272,"column":4},"end":{"line":272,"column":23}},"loc":{"start":{"line":272,"column":23},"end":{"line":275,"column":null}},"line":272},"32":{"name":"resetProgress","decl":{"start":{"line":277,"column":4},"end":{"line":277,"column":26}},"loc":{"start":{"line":277,"column":26},"end":{"line":286,"column":null}},"line":277},"33":{"name":"cycleSpeed","decl":{"start":{"line":288,"column":4},"end":{"line":288,"column":25}},"loc":{"start":{"line":288,"column":25},"end":{"line":294,"column":null}},"line":288},"34":{"name":"setSimPaused","decl":{"start":{"line":296,"column":4},"end":{"line":296,"column":17}},"loc":{"start":{"line":296,"column":40},"end":{"line":301,"column":null}},"line":296},"35":{"name":"hasResume","decl":{"start":{"line":303,"column":4},"end":{"line":303,"column":25}},"loc":{"start":{"line":303,"column":25},"end":{"line":306,"column":null}},"line":303},"36":{"name":"on","decl":{"start":{"line":308,"column":4},"end":{"line":308,"column":7}},"loc":{"start":{"line":308,"column":25},"end":{"line":312,"column":null}},"line":308},"37":{"name":"(anonymous_37)","decl":{"start":{"line":311,"column":13},"end":{"line":311,"column":19}},"loc":{"start":{"line":311,"column":19},"end":{"line":311,"column":null}},"line":311},"38":{"name":"getState","decl":{"start":{"line":314,"column":4},"end":{"line":314,"column":28}},"loc":{"start":{"line":314,"column":28},"end":{"line":333,"column":null}},"line":314},"39":{"name":"(anonymous_39)","decl":{"start":{"line":324,"column":28},"end":{"line":324,"column":29}},"loc":{"start":{"line":324,"column":35},"end":{"line":324,"column":39}},"line":324},"40":{"name":"destroy","decl":{"start":{"line":335,"column":4},"end":{"line":335,"column":20}},"loc":{"start":{"line":335,"column":20},"end":{"line":340,"column":null}},"line":335}},"branchMap":{"0":{"loc":{"start":{"line":64,"column":20},"end":{"line":64,"column":null}},"type":"binary-expr","locations":[{"start":{"line":64,"column":20},"end":{"line":64,"column":42}},{"start":{"line":64,"column":42},"end":{"line":64,"column":null}}],"line":64},"1":{"loc":{"start":{"line":69,"column":49},"end":{"line":69,"column":68}},"type":"cond-expr","locations":[{"start":{"line":69,"column":56},"end":{"line":69,"column":66}},{"start":{"line":69,"column":66},"end":{"line":69,"column":68}}],"line":69},"2":{"loc":{"start":{"line":73,"column":23},"end":{"line":73,"column":null}},"type":"cond-expr","locations":[{"start":{"line":73,"column":51},"end":{"line":73,"column":89}},{"start":{"line":73,"column":89},"end":{"line":73,"column":null}}],"line":73},"3":{"loc":{"start":{"line":74,"column":19},"end":{"line":74,"column":null}},"type":"cond-expr","locations":[{"start":{"line":74,"column":43},"end":{"line":74,"column":77}},{"start":{"line":74,"column":77},"end":{"line":74,"column":null}}],"line":74},"4":{"loc":{"start":{"line":76,"column":2},"end":{"line":93,"column":null}},"type":"if","locations":[{"start":{"line":76,"column":2},"end":{"line":93,"column":null}},{"start":{},"end":{}}],"line":76},"5":{"loc":{"start":{"line":88,"column":27},"end":{"line":88,"column":35}},"type":"binary-expr","locations":[{"start":{"line":88,"column":27},"end":{"line":88,"column":32}},{"start":{"line":88,"column":32},"end":{"line":88,"column":35}}],"line":88},"6":{"loc":{"start":{"line":96,"column":4},"end":{"line":100,"column":null}},"type":"if","locations":[{"start":{"line":96,"column":4},"end":{"line":100,"column":null}},{"start":{},"end":{}}],"line":96},"7":{"loc":{"start":{"line":98,"column":6},"end":{"line":98,"column":null}},"type":"if","locations":[{"start":{"line":98,"column":6},"end":{"line":98,"column":null}},{"start":{},"end":{}}],"line":98},"8":{"loc":{"start":{"line":101,"column":4},"end":{"line":105,"column":null}},"type":"if","locations":[{"start":{"line":101,"column":4},"end":{"line":105,"column":null}},{"start":{},"end":{}}],"line":101},"9":{"loc":{"start":{"line":102,"column":6},"end":{"line":102,"column":null}},"type":"if","locations":[{"start":{"line":102,"column":6},"end":{"line":102,"column":null}},{"start":{},"end":{}}],"line":102},"10":{"loc":{"start":{"line":102,"column":10},"end":{"line":102,"column":31}},"type":"binary-expr","locations":[{"start":{"line":102,"column":10},"end":{"line":102,"column":22}},{"start":{"line":102,"column":22},"end":{"line":102,"column":31}}],"line":102},"11":{"loc":{"start":{"line":106,"column":4},"end":{"line":109,"column":null}},"type":"if","locations":[{"start":{"line":106,"column":4},"end":{"line":109,"column":null}},{"start":{},"end":{}}],"line":106},"12":{"loc":{"start":{"line":110,"column":4},"end":{"line":112,"column":null}},"type":"if","locations":[{"start":{"line":110,"column":4},"end":{"line":112,"column":null}},{"start":{},"end":{}}],"line":110},"13":{"loc":{"start":{"line":113,"column":4},"end":{"line":115,"column":null}},"type":"if","locations":[{"start":{"line":113,"column":4},"end":{"line":115,"column":null}},{"start":{},"end":{}}],"line":113},"14":{"loc":{"start":{"line":121,"column":4},"end":{"line":121,"column":null}},"type":"if","locations":[{"start":{"line":121,"column":4},"end":{"line":121,"column":null}},{"start":{},"end":{}}],"line":121},"15":{"loc":{"start":{"line":130,"column":4},"end":{"line":132,"column":null}},"type":"if","locations":[{"start":{"line":130,"column":4},"end":{"line":132,"column":null}},{"start":{},"end":{}}],"line":130},"16":{"loc":{"start":{"line":130,"column":8},"end":{"line":130,"column":64}},"type":"binary-expr","locations":[{"start":{"line":130,"column":8},"end":{"line":130,"column":19}},{"start":{"line":130,"column":8},"end":{"line":130,"column":64}}],"line":130},"17":{"loc":{"start":{"line":136,"column":4},"end":{"line":136,"column":null}},"type":"if","locations":[{"start":{"line":136,"column":4},"end":{"line":136,"column":null}},{"start":{},"end":{}}],"line":136},"18":{"loc":{"start":{"line":145,"column":6},"end":{"line":149,"column":null}},"type":"if","locations":[{"start":{"line":145,"column":6},"end":{"line":149,"column":null}},{"start":{"line":147,"column":13},"end":{"line":149,"column":null}}],"line":145},"19":{"loc":{"start":{"line":165,"column":4},"end":{"line":165,"column":null}},"type":"if","locations":[{"start":{"line":165,"column":4},"end":{"line":165,"column":null}},{"start":{},"end":{}}],"line":165},"20":{"loc":{"start":{"line":165,"column":8},"end":{"line":165,"column":37}},"type":"binary-expr","locations":[{"start":{"line":165,"column":8},"end":{"line":165,"column":21}},{"start":{"line":165,"column":21},"end":{"line":165,"column":37}}],"line":165},"21":{"loc":{"start":{"line":174,"column":11},"end":{"line":174,"column":null}},"type":"binary-expr","locations":[{"start":{"line":174,"column":11},"end":{"line":174,"column":30}},{"start":{"line":174,"column":30},"end":{"line":174,"column":null}}],"line":174},"22":{"loc":{"start":{"line":175,"column":4},"end":{"line":175,"column":null}},"type":"if","locations":[{"start":{"line":175,"column":4},"end":{"line":175,"column":null}},{"start":{},"end":{}}],"line":175},"23":{"loc":{"start":{"line":176,"column":4},"end":{"line":176,"column":null}},"type":"if","locations":[{"start":{"line":176,"column":4},"end":{"line":176,"column":null}},{"start":{},"end":{}}],"line":176},"24":{"loc":{"start":{"line":177,"column":4},"end":{"line":177,"column":null}},"type":"if","locations":[{"start":{"line":177,"column":4},"end":{"line":177,"column":null}},{"start":{},"end":{}}],"line":177},"25":{"loc":{"start":{"line":188,"column":6},"end":{"line":191,"column":null}},"type":"if","locations":[{"start":{"line":188,"column":6},"end":{"line":191,"column":null}},{"start":{},"end":{}}],"line":188},"26":{"loc":{"start":{"line":200,"column":6},"end":{"line":217,"column":null}},"type":"if","locations":[{"start":{"line":200,"column":6},"end":{"line":217,"column":null}},{"start":{"line":211,"column":6},"end":{"line":217,"column":null}}],"line":200},"27":{"loc":{"start":{"line":200,"column":10},"end":{"line":200,"column":98}},"type":"binary-expr","locations":[{"start":{"line":200,"column":10},"end":{"line":200,"column":39}},{"start":{"line":200,"column":39},"end":{"line":200,"column":61}},{"start":{"line":200,"column":61},"end":{"line":200,"column":98}}],"line":200},"28":{"loc":{"start":{"line":202,"column":8},"end":{"line":204,"column":null}},"type":"if","locations":[{"start":{"line":202,"column":8},"end":{"line":204,"column":null}},{"start":{},"end":{}}],"line":202},"29":{"loc":{"start":{"line":202,"column":12},"end":{"line":202,"column":59}},"type":"binary-expr","locations":[{"start":{"line":202,"column":12},"end":{"line":202,"column":35}},{"start":{"line":202,"column":35},"end":{"line":202,"column":59}}],"line":202},"30":{"loc":{"start":{"line":205,"column":8},"end":{"line":205,"column":null}},"type":"if","locations":[{"start":{"line":205,"column":8},"end":{"line":205,"column":null}},{"start":{},"end":{}}],"line":205},"31":{"loc":{"start":{"line":206,"column":8},"end":{"line":206,"column":null}},"type":"if","locations":[{"start":{"line":206,"column":8},"end":{"line":206,"column":null}},{"start":{},"end":{}}],"line":206},"32":{"loc":{"start":{"line":211,"column":6},"end":{"line":217,"column":null}},"type":"if","locations":[{"start":{"line":211,"column":6},"end":{"line":217,"column":null}},{"start":{},"end":{}}],"line":211},"33":{"loc":{"start":{"line":212,"column":8},"end":{"line":214,"column":null}},"type":"if","locations":[{"start":{"line":212,"column":8},"end":{"line":214,"column":null}},{"start":{},"end":{}}],"line":212},"34":{"loc":{"start":{"line":212,"column":12},"end":{"line":212,"column":59}},"type":"binary-expr","locations":[{"start":{"line":212,"column":12},"end":{"line":212,"column":35}},{"start":{"line":212,"column":35},"end":{"line":212,"column":59}}],"line":212},"35":{"loc":{"start":{"line":215,"column":8},"end":{"line":215,"column":null}},"type":"if","locations":[{"start":{"line":215,"column":8},"end":{"line":215,"column":null}},{"start":{},"end":{}}],"line":215},"36":{"loc":{"start":{"line":216,"column":8},"end":{"line":216,"column":null}},"type":"if","locations":[{"start":{"line":216,"column":8},"end":{"line":216,"column":null}},{"start":{},"end":{}}],"line":216},"37":{"loc":{"start":{"line":220,"column":8},"end":{"line":220,"column":null}},"type":"if","locations":[{"start":{"line":220,"column":8},"end":{"line":220,"column":null}},{"start":{},"end":{}}],"line":220},"38":{"loc":{"start":{"line":228,"column":25},"end":{"line":228,"column":55}},"type":"default-arg","locations":[{"start":{"line":228,"column":45},"end":{"line":228,"column":55}}],"line":228},"39":{"loc":{"start":{"line":230,"column":6},"end":{"line":230,"column":null}},"type":"if","locations":[{"start":{"line":230,"column":6},"end":{"line":230,"column":null}},{"start":{},"end":{}}],"line":230},"40":{"loc":{"start":{"line":232,"column":6},"end":{"line":235,"column":null}},"type":"if","locations":[{"start":{"line":232,"column":6},"end":{"line":235,"column":null}},{"start":{},"end":{}}],"line":232},"41":{"loc":{"start":{"line":237,"column":6},"end":{"line":241,"column":null}},"type":"if","locations":[{"start":{"line":237,"column":6},"end":{"line":241,"column":null}},{"start":{"line":239,"column":13},"end":{"line":241,"column":null}}],"line":237},"42":{"loc":{"start":{"line":278,"column":6},"end":{"line":278,"column":null}},"type":"if","locations":[{"start":{"line":278,"column":6},"end":{"line":278,"column":null}},{"start":{},"end":{}}],"line":278},"43":{"loc":{"start":{"line":284,"column":6},"end":{"line":284,"column":null}},"type":"if","locations":[{"start":{"line":284,"column":6},"end":{"line":284,"column":null}},{"start":{},"end":{}}],"line":284},"44":{"loc":{"start":{"line":289,"column":6},"end":{"line":289,"column":null}},"type":"if","locations":[{"start":{"line":289,"column":6},"end":{"line":289,"column":null}},{"start":{},"end":{}}],"line":289},"45":{"loc":{"start":{"line":299,"column":6},"end":{"line":299,"column":null}},"type":"if","locations":[{"start":{"line":299,"column":6},"end":{"line":299,"column":null}},{"start":{},"end":{}}],"line":299},"46":{"loc":{"start":{"line":304,"column":6},"end":{"line":304,"column":null}},"type":"if","locations":[{"start":{"line":304,"column":6},"end":{"line":304,"column":null}},{"start":{},"end":{}}],"line":304},"47":{"loc":{"start":{"line":309,"column":6},"end":{"line":309,"column":null}},"type":"if","locations":[{"start":{"line":309,"column":6},"end":{"line":309,"column":null}},{"start":{},"end":{}}],"line":309},"48":{"loc":{"start":{"line":317,"column":16},"end":{"line":317,"column":null}},"type":"binary-expr","locations":[{"start":{"line":317,"column":16},"end":{"line":317,"column":32}},{"start":{"line":317,"column":32},"end":{"line":317,"column":null}}],"line":317},"49":{"loc":{"start":{"line":321,"column":23},"end":{"line":321,"column":null}},"type":"binary-expr","locations":[{"start":{"line":321,"column":23},"end":{"line":321,"column":45}},{"start":{"line":321,"column":45},"end":{"line":321,"column":null}}],"line":321}},"s":{"0":12,"1":12,"2":12,"3":12,"4":12,"5":12,"6":12,"7":12,"8":12,"9":12,"10":12,"11":12,"12":12,"13":12,"14":11,"15":3,"16":12,"17":12,"18":12,"19":0,"20":0,"21":0,"22":0,"23":0,"24":0,"25":0,"26":0,"27":0,"28":0,"29":0,"30":12,"31":25,"32":1,"33":1,"34":1,"35":1,"36":25,"37":11,"38":11,"39":11,"40":11,"41":25,"42":3,"43":3,"44":25,"45":10,"46":7,"47":25,"48":0,"49":25,"50":226,"51":226,"52":221,"53":5,"54":5,"55":123,"56":67,"57":61,"58":67,"59":0,"60":67,"61":67,"62":113,"63":67,"64":11,"65":11,"66":5,"67":6,"68":11,"69":67,"70":67,"71":67,"72":67,"73":67,"74":67,"75":67,"76":3,"77":0,"78":3,"79":6,"80":6,"81":3,"82":6,"83":6,"84":6,"85":3,"86":12,"87":13,"88":13,"89":13,"90":13,"91":13,"92":13,"93":13,"94":2,"95":2,"96":13,"97":6,"98":6,"99":6,"100":6,"101":3,"102":3,"103":0,"104":3,"105":3,"106":3,"107":3,"108":3,"109":1,"110":1,"111":3,"112":3,"113":0,"114":3,"115":0,"116":3,"117":0,"118":6,"119":67,"120":67,"121":67,"122":6,"123":6,"124":4,"125":4,"126":4,"127":0,"128":4,"129":1,"130":1,"131":3,"132":3,"133":0,"134":3,"135":1,"136":1,"137":1,"138":1,"139":1,"140":1,"141":1,"142":1,"143":1,"144":1,"145":1,"146":1,"147":1,"148":1,"149":1,"150":0,"151":1,"152":1,"153":1,"154":1,"155":1,"156":1,"157":0,"158":1,"159":1,"160":0,"161":1,"162":1,"163":1,"164":1,"165":1,"166":1,"167":1,"168":1,"169":1,"170":2,"171":0,"172":2,"173":2,"174":2,"175":2,"176":2,"177":0,"178":136,"179":136,"180":133,"181":1,"182":1,"183":1,"184":1,"185":12},"f":{"0":12,"1":11,"2":3,"3":0,"4":0,"5":0,"6":0,"7":0,"8":0,"9":0,"10":25,"11":7,"12":226,"13":123,"14":67,"15":67,"16":113,"17":67,"18":3,"19":6,"20":13,"21":6,"22":1,"23":67,"24":4,"25":4,"26":1,"27":1,"28":1,"29":1,"30":1,"31":1,"32":1,"33":1,"34":1,"35":2,"36":2,"37":0,"38":136,"39":133,"40":1},"b":{"0":[12,12],"1":[1,10],"2":[0,12],"3":[0,12],"4":[0,12],"5":[0,0],"6":[1,24],"7":[1,0],"8":[11,14],"9":[11,0],"10":[11,11],"11":[3,22],"12":[10,15],"13":[0,25],"14":[221,5],"15":[61,6],"16":[67,61],"17":[0,67],"18":[5,6],"19":[0,3],"20":[3,3],"21":[6,0],"22":[3,3],"23":[6,0],"24":[3,3],"25":[2,11],"26":[3,3],"27":[6,6,3],"28":[0,3],"29":[3,0],"30":[3,0],"31":[3,0],"32":[3,0],"33":[0,3],"34":[3,0],"35":[0,3],"36":[0,3],"37":[67,0],"38":[4],"39":[0,4],"40":[1,3],"41":[3,0],"42":[0,1],"43":[0,1],"44":[0,1],"45":[1,0],"46":[0,2],"47":[2,0],"48":[136,0],"49":[136,31]},"meta":{"lastBranch":50,"lastFunction":41,"lastStatement":186,"seen":{"f:50:16:50:33":0,"s:51:38:51:Infinity":0,"s:52:22:52:Infinity":1,"s:53:46:53:Infinity":2,"s:54:32:54:Infinity":3,"s:55:31:55:Infinity":4,"s:56:31:56:Infinity":5,"s:57:16:57:Infinity":6,"s:58:35:58:Infinity":7,"s:59:18:59:Infinity":8,"s:60:19:60:Infinity":9,"s:61:24:61:Infinity":10,"s:63:20:63:Infinity":11,"s:64:20:64:Infinity":12,"b:64:20:64:42:64:42:64:Infinity":0,"s:66:19:71:Infinity":13,"f:69:14:69:15":1,"s:69:28:69:Infinity":14,"b:69:56:69:66:69:66:69:68":1,"f:70:17:70:23":2,"s:70:23:70:Infinity":15,"s:73:23:73:Infinity":16,"b:73:51:73:89:73:89:73:Infinity":2,"s:74:19:74:Infinity":17,"b:74:43:74:77:74:77:74:Infinity":3,"b:76:2:93:Infinity:undefined:undefined:undefined:undefined":4,"s:76:2:93:Infinity":18,"s:77:4:92:Infinity":19,"f:78:12:78:18":3,"s:78:18:78:Infinity":20,"f:79:13:79:19":4,"s:79:19:79:Infinity":21,"f:80:12:80:18":5,"s:80:18:80:Infinity":22,"f:81:12:81:18":6,"s:81:18:81:Infinity":23,"f:82:20:82:21":7,"s:83:18:83:Infinity":24,"s:84:8:84:Infinity":25,"f:86:19:86:20":8,"s:87:18:87:Infinity":26,"s:88:18:88:Infinity":27,"b:88:27:88:32:88:32:88:35":5,"s:89:8:89:Infinity":28,"f:91:14:91:15":9,"s:91:24:91:Infinity":29,"s:95:2:117:Infinity":30,"f:95:14:95:15":10,"b:96:4:100:Infinity:undefined:undefined:undefined:undefined":6,"s:96:4:100:Infinity":31,"s:97:6:97:Infinity":32,"b:98:6:98:Infinity:undefined:undefined:undefined:undefined":7,"s:98:6:98:Infinity":33,"s:98:20:98:Infinity":34,"s:99:6:99:Infinity":35,"b:101:4:105:Infinity:undefined:undefined:undefined:undefined":8,"s:101:4:105:Infinity":36,"b:102:6:102:Infinity:undefined:undefined:undefined:undefined":9,"s:102:6:102:Infinity":37,"b:102:10:102:22:102:22:102:31":10,"s:102:31:102:Infinity":38,"s:103:6:103:Infinity":39,"s:104:6:104:Infinity":40,"b:106:4:109:Infinity:undefined:undefined:undefined:undefined":11,"s:106:4:109:Infinity":41,"s:107:6:107:Infinity":42,"s:108:6:108:Infinity":43,"b:110:4:112:Infinity:undefined:undefined:undefined:undefined":12,"s:110:4:112:Infinity":44,"s:111:6:111:Infinity":45,"f:111:33:111:34":11,"s:111:40:111:44":46,"b:113:4:115:Infinity:undefined:undefined:undefined:undefined":13,"s:113:4:115:Infinity":47,"s:114:6:114:Infinity":48,"s:116:4:116:Infinity":49,"f:119:11:119:16":12,"s:120:16:120:Infinity":50,"b:121:4:121:Infinity:undefined:undefined:undefined:undefined":14,"s:121:4:121:Infinity":51,"s:121:14:121:Infinity":52,"s:122:4:122:Infinity":53,"s:122:26:122:Infinity":54,"f:125:11:125:31":13,"s:126:4:126:Infinity":55,"f:129:11:129:25":14,"b:130:4:132:Infinity:undefined:undefined:undefined:undefined":15,"s:130:4:132:Infinity":56,"b:130:8:130:19:130:8:130:64":16,"s:131:6:131:Infinity":57,"f:135:11:135:33":15,"b:136:4:136:Infinity:undefined:undefined:undefined:undefined":17,"s:136:4:136:Infinity":58,"s:136:19:136:Infinity":59,"s:137:15:137:Infinity":60,"s:138:10:141:Infinity":61,"f:140:34:140:35":16,"s:140:41:140:45":62,"s:143:4:151:Infinity":63,"s:144:6:144:Infinity":64,"b:145:6:149:Infinity:147:13:149:Infinity":18,"s:145:6:149:Infinity":65,"s:146:8:146:Infinity":66,"s:148:8:148:Infinity":67,"s:150:6:150:Infinity":68,"f:154:11:154:22":17,"s:155:15:155:Infinity":69,"s:156:4:156:Infinity":70,"s:157:4:157:Infinity":71,"s:158:4:158:Infinity":72,"s:159:4:159:Infinity":73,"s:160:4:160:Infinity":74,"s:161:4:161:Infinity":75,"f:164:11:164:33":18,"b:165:4:165:Infinity:undefined:undefined:undefined:undefined":19,"s:165:4:165:Infinity":76,"b:165:8:165:21:165:21:165:37":20,"s:165:37:165:Infinity":77,"s:166:4:170:Infinity":78,"f:173:11:173:26":19,"s:174:4:174:Infinity":79,"b:174:11:174:30:174:30:174:Infinity":21,"b:175:4:175:Infinity:undefined:undefined:undefined:undefined":22,"s:175:4:175:Infinity":80,"s:175:27:175:Infinity":81,"b:176:4:176:Infinity:undefined:undefined:undefined:undefined":23,"s:176:4:176:Infinity":82,"s:176:32:176:Infinity":83,"b:177:4:177:Infinity:undefined:undefined:undefined:undefined":24,"s:177:4:177:Infinity":84,"s:177:22:177:Infinity":85,"s:180:29:341:Infinity":86,"f:181:4:181:13":20,"s:182:6:182:Infinity":87,"s:183:6:183:Infinity":88,"s:184:6:184:Infinity":89,"s:185:6:185:Infinity":90,"s:186:6:186:Infinity":91,"s:187:12:187:Infinity":92,"b:188:6:191:Infinity:undefined:undefined:undefined:undefined":25,"s:188:6:191:Infinity":93,"s:189:8:189:Infinity":94,"s:190:8:190:Infinity":95,"s:192:6:192:Infinity":96,"f:195:4:195:22":21,"s:196:6:196:Infinity":97,"s:197:6:197:Infinity":98,"s:198:6:198:Infinity":99,"b:200:6:217:Infinity:211:6:217:Infinity":26,"s:200:6:217:Infinity":100,"b:200:10:200:39:200:39:200:61:200:61:200:98":27,"s:201:20:201:Infinity":101,"b:202:8:204:Infinity:undefined:undefined:undefined:undefined":28,"s:202:8:204:Infinity":102,"b:202:12:202:35:202:35:202:59":29,"s:203:10:203:Infinity":103,"b:205:8:205:Infinity:undefined:undefined:undefined:undefined":30,"s:205:8:205:Infinity":104,"s:205:31:205:Infinity":105,"b:206:8:206:Infinity:undefined:undefined:undefined:undefined":31,"s:206:8:206:Infinity":106,"s:206:27:206:Infinity":107,"s:207:8:210:Infinity":108,"f:207:22:207:23":22,"s:208:10:208:Infinity":109,"s:209:10:209:Infinity":110,"b:211:6:217:Infinity:undefined:undefined:undefined:undefined":32,"s:211:6:217:Infinity":111,"b:212:8:214:Infinity:undefined:undefined:undefined:undefined":33,"s:212:8:214:Infinity":112,"b:212:12:212:35:212:35:212:59":34,"s:213:10:213:Infinity":113,"b:215:8:215:Infinity:undefined:undefined:undefined:undefined":35,"s:215:8:215:Infinity":114,"s:215:31:215:Infinity":115,"b:216:8:216:Infinity:undefined:undefined:undefined:undefined":36,"s:216:8:216:Infinity":116,"s:216:27:216:Infinity":117,"s:219:6:222:Infinity":118,"f:219:16:219:17":23,"b:220:8:220:Infinity:undefined:undefined:undefined:undefined":37,"s:220:8:220:Infinity":119,"s:220:36:220:Infinity":120,"s:221:8:221:Infinity":121,"s:224:6:224:Infinity":122,"s:225:6:225:Infinity":123,"f:228:4:228:9":24,"b:228:45:228:55":38,"s:229:19:229:Infinity":124,"f:229:30:229:31":25,"s:229:37:229:52":125,"b:230:6:230:Infinity:undefined:undefined:undefined:undefined":39,"s:230:6:230:Infinity":126,"s:230:17:230:Infinity":127,"b:232:6:235:Infinity:undefined:undefined:undefined:undefined":40,"s:232:6:235:Infinity":128,"s:233:8:233:Infinity":129,"s:234:8:234:Infinity":130,"b:237:6:241:Infinity:239:13:241:Infinity":41,"s:237:6:241:Infinity":131,"s:238:8:238:Infinity":132,"s:240:8:240:Infinity":133,"s:242:6:242:Infinity":134,"f:245:4:245:18":26,"s:246:6:246:Infinity":135,"s:247:6:247:Infinity":136,"s:248:6:248:Infinity":137,"f:251:4:251:19":27,"s:252:6:252:Infinity":138,"s:253:6:253:Infinity":139,"s:254:6:254:Infinity":140,"f:257:4:257:17":28,"s:258:6:258:Infinity":141,"s:259:6:259:Infinity":142,"f:262:4:262:17":29,"s:263:6:263:Infinity":143,"s:264:6:264:Infinity":144,"f:267:4:267:9":30,"s:268:6:268:Infinity":145,"s:269:6:269:Infinity":146,"f:272:4:272:23":31,"s:273:6:273:Infinity":147,"s:274:6:274:Infinity":148,"f:277:4:277:26":32,"b:278:6:278:Infinity:undefined:undefined:undefined:undefined":42,"s:278:6:278:Infinity":149,"s:278:21:278:Infinity":150,"s:279:6:279:Infinity":151,"s:280:6:280:Infinity":152,"s:281:6:281:Infinity":153,"s:282:6:282:Infinity":154,"s:283:6:283:Infinity":155,"b:284:6:284:Infinity:undefined:undefined:undefined:undefined":43,"s:284:6:284:Infinity":156,"s:284:46:284:Infinity":157,"s:285:6:285:Infinity":158,"f:288:4:288:25":33,"b:289:6:289:Infinity:undefined:undefined:undefined:undefined":44,"s:289:6:289:Infinity":159,"s:289:39:289:Infinity":160,"s:290:6:290:Infinity":161,"s:291:6:291:Infinity":162,"s:292:6:292:Infinity":163,"s:293:6:293:Infinity":164,"f:296:4:296:17":34,"s:297:6:297:Infinity":165,"s:298:6:298:Infinity":166,"b:299:6:299:Infinity:undefined:undefined:undefined:undefined":45,"s:299:6:299:Infinity":167,"s:299:18:299:Infinity":168,"s:300:6:300:Infinity":169,"f:303:4:303:25":35,"b:304:6:304:Infinity:undefined:undefined:undefined:undefined":46,"s:304:6:304:Infinity":170,"s:304:21:304:Infinity":171,"s:305:6:305:Infinity":172,"f:308:4:308:7":36,"b:309:6:309:Infinity:undefined:undefined:undefined:undefined":47,"s:309:6:309:Infinity":173,"s:309:33:309:Infinity":174,"s:310:6:310:Infinity":175,"s:311:6:311:Infinity":176,"f:311:13:311:19":37,"s:311:19:311:Infinity":177,"f:314:4:314:28":38,"s:315:17:315:Infinity":178,"s:316:6:332:Infinity":179,"b:317:16:317:32:317:32:317:Infinity":48,"b:321:23:321:45:321:45:321:Infinity":49,"f:324:28:324:29":39,"s:324:35:324:39":180,"f:335:4:335:20":40,"s:336:6:336:Infinity":181,"s:337:6:337:Infinity":182,"s:338:6:338:Infinity":183,"s:339:6:339:Infinity":184,"s:343:2:343:Infinity":185},"fnNames":{}}}
,"/workspace/app/src/engine/geo.ts": {"path":"/workspace/app/src/engine/geo.ts","statementMap":{"0":{"start":{"line":3,"column":10},"end":{"line":3,"column":null}},"1":{"start":{"line":4,"column":12},"end":{"line":4,"column":null}},"2":{"start":{"line":5,"column":12},"end":{"line":5,"column":null}},"3":{"start":{"line":9,"column":8},"end":{"line":9,"column":null}},"4":{"start":{"line":10,"column":8},"end":{"line":10,"column":null}},"5":{"start":{"line":11,"column":12},"end":{"line":11,"column":null}},"6":{"start":{"line":12,"column":12},"end":{"line":12,"column":null}},"7":{"start":{"line":13,"column":12},"end":{"line":13,"column":null}},"8":{"start":{"line":14,"column":2},"end":{"line":14,"column":null}},"9":{"start":{"line":19,"column":12},"end":{"line":19,"column":null}},"10":{"start":{"line":21,"column":4},"end":{"line":22,"column":null}},"11":{"start":{"line":23,"column":2},"end":{"line":23,"column":null}},"12":{"start":{"line":28,"column":12},"end":{"line":28,"column":null}},"13":{"start":{"line":29,"column":2},"end":{"line":29,"column":null}},"14":{"start":{"line":37,"column":12},"end":{"line":37,"column":null}},"15":{"start":{"line":38,"column":15},"end":{"line":38,"column":null}},"16":{"start":{"line":39,"column":12},"end":{"line":39,"column":null}},"17":{"start":{"line":40,"column":12},"end":{"line":40,"column":null}},"18":{"start":{"line":41,"column":2},"end":{"line":41,"column":null}},"19":{"start":{"line":46,"column":28},"end":{"line":46,"column":null}},"20":{"start":{"line":47,"column":2},"end":{"line":54,"column":null}},"21":{"start":{"line":47,"column":15},"end":{"line":47,"column":18}},"22":{"start":{"line":48,"column":4},"end":{"line":53,"column":null}},"23":{"start":{"line":55,"column":2},"end":{"line":55,"column":null}}},"fnMap":{"0":{"name":"haversine","decl":{"start":{"line":8,"column":16},"end":{"line":8,"column":26}},"loc":{"start":{"line":8,"column":56},"end":{"line":15,"column":null}},"line":8},"1":{"name":"bearing","decl":{"start":{"line":18,"column":16},"end":{"line":18,"column":24}},"loc":{"start":{"line":18,"column":54},"end":{"line":24,"column":null}},"line":18},"2":{"name":"angleDiff","decl":{"start":{"line":27,"column":16},"end":{"line":27,"column":26}},"loc":{"start":{"line":27,"column":56},"end":{"line":30,"column":null}},"line":27},"3":{"name":"interpolateRoute","decl":{"start":{"line":33,"column":16},"end":{"line":33,"column":null}},"loc":{"start":{"line":36,"column":10},"end":{"line":42,"column":null}},"line":36},"4":{"name":"segmentLengths","decl":{"start":{"line":45,"column":16},"end":{"line":45,"column":31}},"loc":{"start":{"line":45,"column":68},"end":{"line":56,"column":null}},"line":45}},"branchMap":{"0":{"loc":{"start":{"line":29,"column":9},"end":{"line":29,"column":null}},"type":"cond-expr","locations":[{"start":{"line":29,"column":19},"end":{"line":29,"column":29}},{"start":{"line":29,"column":29},"end":{"line":29,"column":null}}],"line":29},"1":{"loc":{"start":{"line":39,"column":12},"end":{"line":39,"column":null}},"type":"binary-expr","locations":[{"start":{"line":39,"column":12},"end":{"line":39,"column":24}},{"start":{"line":39,"column":24},"end":{"line":39,"column":null}}],"line":39},"2":{"loc":{"start":{"line":40,"column":12},"end":{"line":40,"column":null}},"type":"binary-expr","locations":[{"start":{"line":40,"column":12},"end":{"line":40,"column":56}},{"start":{"line":40,"column":56},"end":{"line":40,"column":null}}],"line":40}},"s":{"0":7,"1":7,"2":7,"3":171,"4":171,"5":171,"6":171,"7":171,"8":171,"9":121,"10":121,"11":121,"12":10,"13":10,"14":33,"15":33,"16":33,"17":33,"18":33,"19":10,"20":10,"21":10,"22":17,"23":10},"f":{"0":171,"1":121,"2":10,"3":33,"4":10},"b":{"0":[2,8],"1":[33,0],"2":[33,0]},"meta":{"lastBranch":3,"lastFunction":5,"lastStatement":24,"seen":{"s:3:10:3:Infinity":0,"s:4:12:4:Infinity":1,"s:5:12:5:Infinity":2,"f:8:16:8:26":0,"s:9:8:9:Infinity":3,"s:10:8:10:Infinity":4,"s:11:12:11:Infinity":5,"s:12:12:12:Infinity":6,"s:13:12:13:Infinity":7,"s:14:2:14:Infinity":8,"f:18:16:18:24":1,"s:19:12:19:Infinity":9,"s:21:4:22:Infinity":10,"s:23:2:23:Infinity":11,"f:27:16:27:26":2,"s:28:12:28:Infinity":12,"s:29:2:29:Infinity":13,"b:29:19:29:29:29:29:29:Infinity":0,"f:33:16:33:Infinity":3,"s:37:12:37:Infinity":14,"s:38:15:38:Infinity":15,"s:39:12:39:Infinity":16,"b:39:12:39:24:39:24:39:Infinity":1,"s:40:12:40:Infinity":17,"b:40:12:40:56:40:56:40:Infinity":2,"s:41:2:41:Infinity":18,"f:45:16:45:31":4,"s:46:28:46:Infinity":19,"s:47:2:54:Infinity":20,"s:47:15:47:18":21,"s:48:4:53:Infinity":22,"s:55:2:55:Infinity":23},"fnNames":{}}}
,"/workspace/app/src/engine/media-session.ts": {"path":"/workspace/app/src/engine/media-session.ts","statementMap":{"0":{"start":{"line":26,"column":24},"end":{"line":29,"column":null}},"1":{"start":{"line":31,"column":42},"end":{"line":39,"column":null}},"2":{"start":{"line":42,"column":2},"end":{"line":42,"column":null}},"3":{"start":{"line":42,"column":74},"end":{"line":42,"column":null}},"4":{"start":{"line":43,"column":13},"end":{"line":43,"column":null}},"5":{"start":{"line":44,"column":2},"end":{"line":44,"column":null}},"6":{"start":{"line":48,"column":2},"end":{"line":48,"column":null}},"7":{"start":{"line":56,"column":2},"end":{"line":56,"column":null}},"8":{"start":{"line":56,"column":11},"end":{"line":56,"column":null}},"9":{"start":{"line":57,"column":2},"end":{"line":69,"column":null}},"10":{"start":{"line":58,"column":20},"end":{"line":58,"column":null}},"11":{"start":{"line":58,"column":61},"end":{"line":58,"column":null}},"12":{"start":{"line":59,"column":18},"end":{"line":59,"column":null}},"13":{"start":{"line":60,"column":20},"end":{"line":60,"column":null}},"14":{"start":{"line":61,"column":4},"end":{"line":66,"column":null}},"15":{"start":{"line":84,"column":2},"end":{"line":84,"column":null}},"16":{"start":{"line":84,"column":11},"end":{"line":84,"column":null}},"17":{"start":{"line":85,"column":14},"end":{"line":94,"column":null}},"18":{"start":{"line":89,"column":4},"end":{"line":93,"column":null}},"19":{"start":{"line":90,"column":6},"end":{"line":90,"column":null}},"20":{"start":{"line":95,"column":2},"end":{"line":95,"column":null}},"21":{"start":{"line":96,"column":2},"end":{"line":96,"column":null}},"22":{"start":{"line":97,"column":2},"end":{"line":97,"column":null}},"23":{"start":{"line":98,"column":2},"end":{"line":98,"column":null}},"24":{"start":{"line":99,"column":2},"end":{"line":99,"column":null}},"25":{"start":{"line":99,"column":29},"end":{"line":99,"column":71}},"26":{"start":{"line":100,"column":2},"end":{"line":100,"column":null}},"27":{"start":{"line":100,"column":28},"end":{"line":100,"column":69}},"28":{"start":{"line":101,"column":2},"end":{"line":103,"column":null}},"29":{"start":{"line":102,"column":4},"end":{"line":102,"column":null}},"30":{"start":{"line":102,"column":29},"end":{"line":102,"column":null}},"31":{"start":{"line":111,"column":2},"end":{"line":111,"column":null}},"32":{"start":{"line":111,"column":72},"end":{"line":111,"column":null}},"33":{"start":{"line":112,"column":2},"end":{"line":116,"column":null}},"34":{"start":{"line":113,"column":4},"end":{"line":113,"column":null}}},"fnMap":{"0":{"name":"getNavigatorMediaSession","decl":{"start":{"line":41,"column":9},"end":{"line":41,"column":61}},"loc":{"start":{"line":41,"column":61},"end":{"line":45,"column":null}},"line":41},"1":{"name":"createMediaSessionAdapter","decl":{"start":{"line":47,"column":16},"end":{"line":47,"column":69}},"loc":{"start":{"line":47,"column":69},"end":{"line":49,"column":null}},"line":47},"2":{"name":"setStopMetadata","decl":{"start":{"line":51,"column":16},"end":{"line":51,"column":null}},"loc":{"start":{"line":55,"column":8},"end":{"line":70,"column":null}},"line":55},"3":{"name":"(anonymous_3)","decl":{"start":{"line":58,"column":46},"end":{"line":58,"column":47}},"loc":{"start":{"line":58,"column":61},"end":{"line":58,"column":null}},"line":58},"4":{"name":"bindMediaSessionHandlers","decl":{"start":{"line":72,"column":16},"end":{"line":72,"column":null}},"loc":{"start":{"line":83,"column":8},"end":{"line":104,"column":null}},"line":83},"5":{"name":"(anonymous_5)","decl":{"start":{"line":85,"column":14},"end":{"line":85,"column":null}},"loc":{"start":{"line":88,"column":7},"end":{"line":94,"column":null}},"line":88},"6":{"name":"(anonymous_6)","decl":{"start":{"line":99,"column":22},"end":{"line":99,"column":23}},"loc":{"start":{"line":99,"column":29},"end":{"line":99,"column":71}},"line":99},"7":{"name":"(anonymous_7)","decl":{"start":{"line":100,"column":21},"end":{"line":100,"column":22}},"loc":{"start":{"line":100,"column":28},"end":{"line":100,"column":69}},"line":100},"8":{"name":"(anonymous_8)","decl":{"start":{"line":101,"column":16},"end":{"line":101,"column":17}},"loc":{"start":{"line":101,"column":23},"end":{"line":103,"column":3}},"line":101},"9":{"name":"updateMediaSessionPosition","decl":{"start":{"line":106,"column":16},"end":{"line":106,"column":null}},"loc":{"start":{"line":110,"column":8},"end":{"line":117,"column":null}},"line":110}},"branchMap":{"0":{"loc":{"start":{"line":42,"column":2},"end":{"line":42,"column":null}},"type":"if","locations":[{"start":{"line":42,"column":2},"end":{"line":42,"column":null}},{"start":{},"end":{}}],"line":42},"1":{"loc":{"start":{"line":42,"column":6},"end":{"line":42,"column":74}},"type":"binary-expr","locations":[{"start":{"line":42,"column":6},"end":{"line":42,"column":42}},{"start":{"line":42,"column":42},"end":{"line":42,"column":74}}],"line":42},"2":{"loc":{"start":{"line":54,"column":2},"end":{"line":54,"column":null}},"type":"default-arg","locations":[{"start":{"line":54,"column":40},"end":{"line":54,"column":null}}],"line":54},"3":{"loc":{"start":{"line":56,"column":2},"end":{"line":56,"column":null}},"type":"if","locations":[{"start":{"line":56,"column":2},"end":{"line":56,"column":null}},{"start":{},"end":{}}],"line":56},"4":{"loc":{"start":{"line":58,"column":20},"end":{"line":58,"column":null}},"type":"binary-expr","locations":[{"start":{"line":58,"column":20},"end":{"line":58,"column":46}},{"start":{"line":58,"column":46},"end":{"line":58,"column":null}}],"line":58},"5":{"loc":{"start":{"line":58,"column":61},"end":{"line":58,"column":null}},"type":"binary-expr","locations":[{"start":{"line":58,"column":61},"end":{"line":58,"column":77}},{"start":{"line":58,"column":77},"end":{"line":58,"column":null}}],"line":58},"6":{"loc":{"start":{"line":59,"column":18},"end":{"line":59,"column":null}},"type":"binary-expr","locations":[{"start":{"line":59,"column":18},"end":{"line":59,"column":40}},{"start":{"line":59,"column":40},"end":{"line":59,"column":null}}],"line":59},"7":{"loc":{"start":{"line":60,"column":20},"end":{"line":60,"column":null}},"type":"binary-expr","locations":[{"start":{"line":60,"column":20},"end":{"line":60,"column":39}},{"start":{"line":60,"column":39},"end":{"line":60,"column":null}}],"line":60},"8":{"loc":{"start":{"line":63,"column":45},"end":{"line":63,"column":62}},"type":"binary-expr","locations":[{"start":{"line":63,"column":45},"end":{"line":63,"column":60}},{"start":{"line":63,"column":60},"end":{"line":63,"column":62}}],"line":63},"9":{"loc":{"start":{"line":84,"column":2},"end":{"line":84,"column":null}},"type":"if","locations":[{"start":{"line":84,"column":2},"end":{"line":84,"column":null}},{"start":{},"end":{}}],"line":84},"10":{"loc":{"start":{"line":99,"column":51},"end":{"line":99,"column":70}},"type":"binary-expr","locations":[{"start":{"line":99,"column":51},"end":{"line":99,"column":68}},{"start":{"line":99,"column":68},"end":{"line":99,"column":70}}],"line":99},"11":{"loc":{"start":{"line":100,"column":49},"end":{"line":100,"column":68}},"type":"binary-expr","locations":[{"start":{"line":100,"column":49},"end":{"line":100,"column":66}},{"start":{"line":100,"column":66},"end":{"line":100,"column":68}}],"line":100},"12":{"loc":{"start":{"line":102,"column":4},"end":{"line":102,"column":null}},"type":"if","locations":[{"start":{"line":102,"column":4},"end":{"line":102,"column":null}},{"start":{},"end":{}}],"line":102},"13":{"loc":{"start":{"line":111,"column":2},"end":{"line":111,"column":null}},"type":"if","locations":[{"start":{"line":111,"column":2},"end":{"line":111,"column":null}},{"start":{},"end":{}}],"line":111},"14":{"loc":{"start":{"line":111,"column":6},"end":{"line":111,"column":72}},"type":"binary-expr","locations":[{"start":{"line":111,"column":6},"end":{"line":111,"column":31}},{"start":{"line":111,"column":31},"end":{"line":111,"column":44}},{"start":{"line":111,"column":44},"end":{"line":111,"column":72}}],"line":111}},"s":{"0":3,"1":3,"2":1,"3":1,"4":0,"5":0,"6":1,"7":12,"8":11,"9":1,"10":1,"11":1,"12":12,"13":12,"14":12,"15":1,"16":0,"17":1,"18":7,"19":7,"20":1,"21":1,"22":1,"23":1,"24":1,"25":1,"26":1,"27":1,"28":1,"29":1,"30":1,"31":1,"32":0,"33":1,"34":1},"f":{"0":1,"1":1,"2":12,"3":1,"4":1,"5":7,"6":1,"7":1,"8":1,"9":1},"b":{"0":[1,0],"1":[1,1],"2":[12],"3":[11,1],"4":[1,1],"5":[1,0],"6":[12,1],"7":[12,1],"8":[12,0],"9":[0,1],"10":[1,0],"11":[1,0],"12":[1,0],"13":[0,1],"14":[1,1,1]},"meta":{"lastBranch":15,"lastFunction":10,"lastStatement":35,"seen":{"s:26:24:29:Infinity":0,"s:31:42:39:Infinity":1,"f:41:9:41:61":0,"b:42:2:42:Infinity:undefined:undefined:undefined:undefined":0,"s:42:2:42:Infinity":2,"b:42:6:42:42:42:42:42:74":1,"s:42:74:42:Infinity":3,"s:43:13:43:Infinity":4,"s:44:2:44:Infinity":5,"f:47:16:47:69":1,"s:48:2:48:Infinity":6,"f:51:16:51:Infinity":2,"b:54:40:54:Infinity":2,"b:56:2:56:Infinity:undefined:undefined:undefined:undefined":3,"s:56:2:56:Infinity":7,"s:56:11:56:Infinity":8,"s:57:2:69:Infinity":9,"s:58:20:58:Infinity":10,"b:58:20:58:46:58:46:58:Infinity":4,"f:58:46:58:47":3,"s:58:61:58:Infinity":11,"b:58:61:58:77:58:77:58:Infinity":5,"s:59:18:59:Infinity":12,"b:59:18:59:40:59:40:59:Infinity":6,"s:60:20:60:Infinity":13,"b:60:20:60:39:60:39:60:Infinity":7,"s:61:4:66:Infinity":14,"b:63:45:63:60:63:60:63:62":8,"f:72:16:72:Infinity":4,"b:84:2:84:Infinity:undefined:undefined:undefined:undefined":9,"s:84:2:84:Infinity":15,"s:84:11:84:Infinity":16,"s:85:14:94:Infinity":17,"f:85:14:85:Infinity":5,"s:89:4:93:Infinity":18,"s:90:6:90:Infinity":19,"s:95:2:95:Infinity":20,"s:96:2:96:Infinity":21,"s:97:2:97:Infinity":22,"s:98:2:98:Infinity":23,"s:99:2:99:Infinity":24,"f:99:22:99:23":6,"s:99:29:99:71":25,"b:99:51:99:68:99:68:99:70":10,"s:100:2:100:Infinity":26,"f:100:21:100:22":7,"s:100:28:100:69":27,"b:100:49:100:66:100:66:100:68":11,"s:101:2:103:Infinity":28,"f:101:16:101:17":8,"b:102:4:102:Infinity:undefined:undefined:undefined:undefined":12,"s:102:4:102:Infinity":29,"s:102:29:102:Infinity":30,"f:106:16:106:Infinity":9,"b:111:2:111:Infinity:undefined:undefined:undefined:undefined":13,"s:111:2:111:Infinity":31,"b:111:6:111:31:111:31:111:44:111:44:111:72":14,"s:111:72:111:Infinity":32,"s:112:2:116:Infinity":33,"s:113:4:113:Infinity":34},"fnNames":{}}}
,"/workspace/app/src/engine/persist.ts": {"path":"/workspace/app/src/engine/persist.ts","statementMap":{"0":{"start":{"line":4,"column":28},"end":{"line":9,"column":null}},"1":{"start":{"line":7,"column":31},"end":{"line":7,"column":null}},"2":{"start":{"line":8,"column":30},"end":{"line":8,"column":null}},"3":{"start":{"line":12,"column":2},"end":{"line":21,"column":null}},"4":{"start":{"line":13,"column":16},"end":{"line":13,"column":null}},"5":{"start":{"line":14,"column":4},"end":{"line":14,"column":null}},"6":{"start":{"line":14,"column":14},"end":{"line":14,"column":null}},"7":{"start":{"line":15,"column":19},"end":{"line":15,"column":null}},"8":{"start":{"line":16,"column":4},"end":{"line":16,"column":null}},"9":{"start":{"line":16,"column":31},"end":{"line":16,"column":null}},"10":{"start":{"line":17,"column":4},"end":{"line":17,"column":null}},"11":{"start":{"line":17,"column":75},"end":{"line":17,"column":null}},"12":{"start":{"line":18,"column":4},"end":{"line":18,"column":null}},"13":{"start":{"line":20,"column":4},"end":{"line":20,"column":null}},"14":{"start":{"line":25,"column":2},"end":{"line":30,"column":null}},"15":{"start":{"line":26,"column":20},"end":{"line":26,"column":null}},"16":{"start":{"line":27,"column":4},"end":{"line":27,"column":null}},"17":{"start":{"line":34,"column":2},"end":{"line":44,"column":null}},"18":{"start":{"line":35,"column":16},"end":{"line":35,"column":null}},"19":{"start":{"line":36,"column":4},"end":{"line":36,"column":null}},"20":{"start":{"line":36,"column":14},"end":{"line":36,"column":null}},"21":{"start":{"line":37,"column":19},"end":{"line":37,"column":null}},"22":{"start":{"line":38,"column":4},"end":{"line":38,"column":null}},"23":{"start":{"line":38,"column":45},"end":{"line":38,"column":null}},"24":{"start":{"line":39,"column":4},"end":{"line":39,"column":null}},"25":{"start":{"line":39,"column":82},"end":{"line":39,"column":null}},"26":{"start":{"line":40,"column":4},"end":{"line":40,"column":null}},"27":{"start":{"line":40,"column":56},"end":{"line":40,"column":null}},"28":{"start":{"line":41,"column":4},"end":{"line":41,"column":null}},"29":{"start":{"line":43,"column":4},"end":{"line":43,"column":null}},"30":{"start":{"line":52,"column":2},"end":{"line":63,"column":null}},"31":{"start":{"line":53,"column":33},"end":{"line":59,"column":null}},"32":{"start":{"line":60,"column":4},"end":{"line":60,"column":null}},"33":{"start":{"line":67,"column":2},"end":{"line":71,"column":null}},"34":{"start":{"line":68,"column":4},"end":{"line":68,"column":null}},"35":{"start":{"line":75,"column":2},"end":{"line":80,"column":null}},"36":{"start":{"line":76,"column":4},"end":{"line":77,"column":null}},"37":{"start":{"line":76,"column":16},"end":{"line":76,"column":null}},"38":{"start":{"line":77,"column":9},"end":{"line":77,"column":null}},"39":{"start":{"line":84,"column":2},"end":{"line":84,"column":null}},"40":{"start":{"line":88,"column":2},"end":{"line":88,"column":null}},"41":{"start":{"line":89,"column":2},"end":{"line":93,"column":null}},"42":{"start":{"line":90,"column":4},"end":{"line":90,"column":null}},"43":{"start":{"line":97,"column":17},"end":{"line":97,"column":null}},"44":{"start":{"line":98,"column":2},"end":{"line":98,"column":null}}},"fnMap":{"0":{"name":"(anonymous_0)","decl":{"start":{"line":7,"column":11},"end":{"line":7,"column":12}},"loc":{"start":{"line":7,"column":31},"end":{"line":7,"column":null}},"line":7},"1":{"name":"(anonymous_1)","decl":{"start":{"line":8,"column":10},"end":{"line":8,"column":11}},"loc":{"start":{"line":8,"column":30},"end":{"line":8,"column":null}},"line":8},"2":{"name":"loadVisited","decl":{"start":{"line":11,"column":16},"end":{"line":11,"column":28}},"loc":{"start":{"line":11,"column":79},"end":{"line":22,"column":null}},"line":11},"3":{"name":"saveVisited","decl":{"start":{"line":24,"column":16},"end":{"line":24,"column":28}},"loc":{"start":{"line":24,"column":94},"end":{"line":31,"column":null}},"line":24},"4":{"name":"loadResume","decl":{"start":{"line":33,"column":16},"end":{"line":33,"column":27}},"loc":{"start":{"line":33,"column":85},"end":{"line":45,"column":null}},"line":33},"5":{"name":"saveResume","decl":{"start":{"line":47,"column":16},"end":{"line":47,"column":null}},"loc":{"start":{"line":51,"column":8},"end":{"line":64,"column":null}},"line":51},"6":{"name":"clearResume","decl":{"start":{"line":66,"column":16},"end":{"line":66,"column":28}},"loc":{"start":{"line":66,"column":72},"end":{"line":72,"column":null}},"line":66},"7":{"name":"setActiveTour","decl":{"start":{"line":74,"column":16},"end":{"line":74,"column":30}},"loc":{"start":{"line":74,"column":81},"end":{"line":81,"column":null}},"line":74},"8":{"name":"getActiveTour","decl":{"start":{"line":83,"column":16},"end":{"line":83,"column":30}},"loc":{"start":{"line":83,"column":67},"end":{"line":85,"column":null}},"line":83},"9":{"name":"clearTourProgress","decl":{"start":{"line":87,"column":16},"end":{"line":87,"column":34}},"loc":{"start":{"line":87,"column":78},"end":{"line":94,"column":null}},"line":87},"10":{"name":"hasResume","decl":{"start":{"line":96,"column":16},"end":{"line":96,"column":26}},"loc":{"start":{"line":96,"column":89},"end":{"line":99,"column":null}},"line":96}},"branchMap":{"0":{"loc":{"start":{"line":14,"column":4},"end":{"line":14,"column":null}},"type":"if","locations":[{"start":{"line":14,"column":4},"end":{"line":14,"column":null}},{"start":{},"end":{}}],"line":14},"1":{"loc":{"start":{"line":16,"column":4},"end":{"line":16,"column":null}},"type":"if","locations":[{"start":{"line":16,"column":4},"end":{"line":16,"column":null}},{"start":{},"end":{}}],"line":16},"2":{"loc":{"start":{"line":17,"column":4},"end":{"line":17,"column":null}},"type":"if","locations":[{"start":{"line":17,"column":4},"end":{"line":17,"column":null}},{"start":{},"end":{}}],"line":17},"3":{"loc":{"start":{"line":17,"column":8},"end":{"line":17,"column":75}},"type":"binary-expr","locations":[{"start":{"line":17,"column":8},"end":{"line":17,"column":47}},{"start":{"line":17,"column":47},"end":{"line":17,"column":75}}],"line":17},"4":{"loc":{"start":{"line":36,"column":4},"end":{"line":36,"column":null}},"type":"if","locations":[{"start":{"line":36,"column":4},"end":{"line":36,"column":null}},{"start":{},"end":{}}],"line":36},"5":{"loc":{"start":{"line":38,"column":4},"end":{"line":38,"column":null}},"type":"if","locations":[{"start":{"line":38,"column":4},"end":{"line":38,"column":null}},{"start":{},"end":{}}],"line":38},"6":{"loc":{"start":{"line":39,"column":4},"end":{"line":39,"column":null}},"type":"if","locations":[{"start":{"line":39,"column":4},"end":{"line":39,"column":null}},{"start":{},"end":{}}],"line":39},"7":{"loc":{"start":{"line":39,"column":8},"end":{"line":39,"column":82}},"type":"binary-expr","locations":[{"start":{"line":39,"column":8},"end":{"line":39,"column":45}},{"start":{"line":39,"column":45},"end":{"line":39,"column":82}}],"line":39},"8":{"loc":{"start":{"line":40,"column":4},"end":{"line":40,"column":null}},"type":"if","locations":[{"start":{"line":40,"column":4},"end":{"line":40,"column":null}},{"start":{},"end":{}}],"line":40},"9":{"loc":{"start":{"line":40,"column":8},"end":{"line":40,"column":56}},"type":"binary-expr","locations":[{"start":{"line":40,"column":8},"end":{"line":40,"column":33}},{"start":{"line":40,"column":33},"end":{"line":40,"column":56}}],"line":40},"10":{"loc":{"start":{"line":76,"column":4},"end":{"line":77,"column":null}},"type":"if","locations":[{"start":{"line":76,"column":4},"end":{"line":77,"column":null}},{"start":{"line":77,"column":9},"end":{"line":77,"column":null}}],"line":76},"11":{"loc":{"start":{"line":98,"column":9},"end":{"line":98,"column":null}},"type":"binary-expr","locations":[{"start":{"line":98,"column":9},"end":{"line":98,"column":27}},{"start":{"line":98,"column":27},"end":{"line":98,"column":53}},{"start":{"line":98,"column":53},"end":{"line":98,"column":null}}],"line":98}},"s":{"0":3,"1":24,"2":30,"3":17,"4":17,"5":17,"6":14,"7":3,"8":3,"9":1,"10":2,"11":1,"12":1,"13":0,"14":4,"15":4,"16":4,"17":19,"18":19,"19":19,"20":13,"21":6,"22":6,"23":0,"24":6,"25":0,"26":6,"27":0,"28":6,"29":0,"30":8,"31":8,"32":8,"33":2,"34":2,"35":15,"36":15,"37":14,"38":1,"39":0,"40":2,"41":2,"42":2,"43":4,"44":4},"f":{"0":24,"1":30,"2":17,"3":4,"4":19,"5":8,"6":2,"7":15,"8":0,"9":2,"10":4},"b":{"0":[14,3],"1":[1,2],"2":[1,1],"3":[2,1],"4":[13,6],"5":[0,6],"6":[0,6],"7":[6,6],"8":[0,6],"9":[6,0],"10":[14,1],"11":[4,3,2]},"meta":{"lastBranch":12,"lastFunction":11,"lastStatement":45,"seen":{"s:4:28:9:Infinity":0,"f:7:11:7:12":0,"s:7:31:7:Infinity":1,"f:8:10:8:11":1,"s:8:30:8:Infinity":2,"f:11:16:11:28":2,"s:12:2:21:Infinity":3,"s:13:16:13:Infinity":4,"b:14:4:14:Infinity:undefined:undefined:undefined:undefined":0,"s:14:4:14:Infinity":5,"s:14:14:14:Infinity":6,"s:15:19:15:Infinity":7,"b:16:4:16:Infinity:undefined:undefined:undefined:undefined":1,"s:16:4:16:Infinity":8,"s:16:31:16:Infinity":9,"b:17:4:17:Infinity:undefined:undefined:undefined:undefined":2,"s:17:4:17:Infinity":10,"b:17:8:17:47:17:47:17:75":3,"s:17:75:17:Infinity":11,"s:18:4:18:Infinity":12,"s:20:4:20:Infinity":13,"f:24:16:24:28":3,"s:25:2:30:Infinity":14,"s:26:20:26:Infinity":15,"s:27:4:27:Infinity":16,"f:33:16:33:27":4,"s:34:2:44:Infinity":17,"s:35:16:35:Infinity":18,"b:36:4:36:Infinity:undefined:undefined:undefined:undefined":4,"s:36:4:36:Infinity":19,"s:36:14:36:Infinity":20,"s:37:19:37:Infinity":21,"b:38:4:38:Infinity:undefined:undefined:undefined:undefined":5,"s:38:4:38:Infinity":22,"s:38:45:38:Infinity":23,"b:39:4:39:Infinity:undefined:undefined:undefined:undefined":6,"s:39:4:39:Infinity":24,"b:39:8:39:45:39:45:39:82":7,"s:39:82:39:Infinity":25,"b:40:4:40:Infinity:undefined:undefined:undefined:undefined":8,"s:40:4:40:Infinity":26,"b:40:8:40:33:40:33:40:56":9,"s:40:56:40:Infinity":27,"s:41:4:41:Infinity":28,"s:43:4:43:Infinity":29,"f:47:16:47:Infinity":5,"s:52:2:63:Infinity":30,"s:53:33:59:Infinity":31,"s:60:4:60:Infinity":32,"f:66:16:66:28":6,"s:67:2:71:Infinity":33,"s:68:4:68:Infinity":34,"f:74:16:74:30":7,"s:75:2:80:Infinity":35,"b:76:4:77:Infinity:77:9:77:Infinity":10,"s:76:4:77:Infinity":36,"s:76:16:76:Infinity":37,"s:77:9:77:Infinity":38,"f:83:16:83:30":8,"s:84:2:84:Infinity":39,"f:87:16:87:34":9,"s:88:2:88:Infinity":40,"s:89:2:93:Infinity":41,"s:90:4:90:Infinity":42,"f:96:16:96:26":10,"s:97:17:97:Infinity":43,"s:98:2:98:Infinity":44,"b:98:9:98:27:98:27:98:53:98:53:98:Infinity":11},"fnNames":{}}}
,"/workspace/app/src/engine/playback.ts": {"path":"/workspace/app/src/engine/playback.ts","statementMap":{"0":{"start":{"line":29,"column":37},"end":{"line":29,"column":null}},"1":{"start":{"line":30,"column":29},"end":{"line":30,"column":null}},"2":{"start":{"line":31,"column":24},"end":{"line":31,"column":null}},"3":{"start":{"line":32,"column":26},"end":{"line":32,"column":null}},"4":{"start":{"line":33,"column":24},"end":{"line":33,"column":null}},"5":{"start":{"line":34,"column":21},"end":{"line":34,"column":null}},"6":{"start":{"line":35,"column":21},"end":{"line":35,"column":null}},"7":{"start":{"line":36,"column":22},"end":{"line":36,"column":null}},"8":{"start":{"line":37,"column":28},"end":{"line":37,"column":null}},"9":{"start":{"line":41,"column":4},"end":{"line":41,"column":null}},"10":{"start":{"line":42,"column":4},"end":{"line":49,"column":null}},"11":{"start":{"line":43,"column":36},"end":{"line":43,"column":77}},"12":{"start":{"line":45,"column":8},"end":{"line":45,"column":null}},"13":{"start":{"line":46,"column":8},"end":{"line":46,"column":null}},"14":{"start":{"line":47,"column":8},"end":{"line":47,"column":null}},"15":{"start":{"line":53,"column":4},"end":{"line":53,"column":null}},"16":{"start":{"line":53,"column":33},"end":{"line":53,"column":null}},"17":{"start":{"line":54,"column":4},"end":{"line":54,"column":null}},"18":{"start":{"line":55,"column":4},"end":{"line":55,"column":null}},"19":{"start":{"line":59,"column":4},"end":{"line":59,"column":null}},"20":{"start":{"line":60,"column":4},"end":{"line":60,"column":null}},"21":{"start":{"line":60,"column":17},"end":{"line":60,"column":null}},"22":{"start":{"line":64,"column":4},"end":{"line":72,"column":null}},"23":{"start":{"line":76,"column":4},"end":{"line":76,"column":null}},"24":{"start":{"line":77,"column":4},"end":{"line":77,"column":null}},"25":{"start":{"line":78,"column":4},"end":{"line":78,"column":null}},"26":{"start":{"line":79,"column":4},"end":{"line":79,"column":null}},"27":{"start":{"line":80,"column":4},"end":{"line":80,"column":null}},"28":{"start":{"line":82,"column":18},"end":{"line":85,"column":null}},"29":{"start":{"line":83,"column":6},"end":{"line":83,"column":null}},"30":{"start":{"line":84,"column":6},"end":{"line":84,"column":null}},"31":{"start":{"line":87,"column":4},"end":{"line":91,"column":null}},"32":{"start":{"line":88,"column":6},"end":{"line":88,"column":null}},"33":{"start":{"line":90,"column":6},"end":{"line":90,"column":null}},"34":{"start":{"line":95,"column":4},"end":{"line":95,"column":null}},"35":{"start":{"line":95,"column":62},"end":{"line":95,"column":null}},"36":{"start":{"line":96,"column":4},"end":{"line":96,"column":null}},"37":{"start":{"line":97,"column":4},"end":{"line":97,"column":null}},"38":{"start":{"line":98,"column":4},"end":{"line":98,"column":null}},"39":{"start":{"line":99,"column":4},"end":{"line":99,"column":null}},"40":{"start":{"line":104,"column":4},"end":{"line":104,"column":null}},"41":{"start":{"line":105,"column":4},"end":{"line":105,"column":null}},"42":{"start":{"line":106,"column":4},"end":{"line":106,"column":null}},"43":{"start":{"line":110,"column":4},"end":{"line":110,"column":null}},"44":{"start":{"line":111,"column":4},"end":{"line":111,"column":null}},"45":{"start":{"line":115,"column":4},"end":{"line":115,"column":null}},"46":{"start":{"line":116,"column":4},"end":{"line":116,"column":null}},"47":{"start":{"line":120,"column":4},"end":{"line":120,"column":null}},"48":{"start":{"line":121,"column":4},"end":{"line":121,"column":null}},"49":{"start":{"line":125,"column":4},"end":{"line":125,"column":null}},"50":{"start":{"line":126,"
[...]
oc":{"start":{"line":141,"column":4},"end":{"line":145,"column":null}},"type":"if","locations":[{"start":{"line":141,"column":4},"end":{"line":145,"column":null}},{"start":{},"end":{}}],"line":141},"9":{"loc":{"start":{"line":149,"column":4},"end":{"line":151,"column":null}},"type":"if","locations":[{"start":{"line":149,"column":4},"end":{"line":151,"column":null}},{"start":{},"end":{}}],"line":149},"10":{"loc":{"start":{"line":157,"column":4},"end":{"line":157,"column":null}},"type":"if","locations":[{"start":{"line":157,"column":4},"end":{"line":157,"column":null}},{"start":{},"end":{}}],"line":157}},"s":{"0":1,"1":1,"2":0,"3":1,"4":1,"5":1,"6":1,"7":1,"8":10,"9":10,"10":10,"11":10,"12":10,"13":10,"14":10,"15":10,"16":10,"17":10,"18":2,"19":10,"20":6,"21":10,"22":10,"23":6,"24":9,"25":9,"26":9,"27":0,"28":1,"29":1,"30":1,"31":1,"32":3,"33":4,"34":2,"35":2,"36":0,"37":17,"38":4,"39":4,"40":3,"41":24,"42":0,"43":24,"44":24,"45":24,"46":24,"47":27,"48":27,"49":21,"50":21,"51":6,"52":6,"53":6,"54":24,"55":3,"56":3,"57":3,"58":24,"59":24,"60":2,"61":24,"62":33,"63":0,"64":33},"f":{"0":1,"1":0,"2":1,"3":1,"4":1,"5":10,"6":6,"7":9,"8":0,"9":1,"10":3,"11":4,"12":2,"13":0,"14":17,"15":4,"16":4,"17":3,"18":24,"19":33},"b":{"0":[1,0],"1":[2,8],"2":[6,4],"3":[1,0],"4":[0,24],"5":[24,24],"6":[24,30],"7":[21,6],"8":[3,21],"9":[2,22],"10":[0,33]},"meta":{"lastBranch":11,"lastFunction":20,"lastStatement":65,"seen":{"s:12:35:12:Infinity":0,"f:15:2:15:14":0,"s:16:4:16:Infinity":1,"f:19:2:19:19":1,"s:20:4:20:Infinity":2,"f:23:2:23:8":2,"s:24:4:28:Infinity":3,"f:25:6:25:7":3,"s:25:18:25:Infinity":4,"f:31:2:31:15":4,"b:32:4:35:Infinity:undefined:undefined:undefined:undefined":0,"s:32:4:35:Infinity":5,"s:33:6:33:Infinity":6,"s:34:6:34:Infinity":7,"s:50:19:50:Infinity":8,"s:51:21:51:Infinity":9,"s:52:19:52:Infinity":10,"s:53:35:53:Infinity":11,"s:54:47:54:Infinity":12,"s:55:21:55:Infinity":13,"f:60:2:60:14":5,"s:61:4:61:Infinity":14,"s:62:4:62:Infinity":15,"s:63:4:63:Infinity":16,"b:64:4:64:Infinity:undefined:undefined:undefined:undefined":1,"s:64:4:64:Infinity":17,"s:64:38:64:Infinity":18,"b:65:4:65:Infinity:undefined:undefined:undefined:undefined":2,"s:65:4:65:Infinity":19,"s:65:36:65:Infinity":20,"s:66:4:66:Infinity":21,"s:67:4:67:Infinity":22,"f:70:2:70:19":6,"s:71:4:71:Infinity":23,"f:74:2:74:8":7,"s:75:4:75:Infinity":24,"s:76:4:76:Infinity":25,"s:77:4:77:Infinity":26,"f:77:42:77:48":8,"s:77:48:77:61":27,"f:80:2:80:15":9,"b:81:4:84:Infinity:undefined:undefined:undefined:undefined":3,"s:81:4:84:Infinity":28,"s:82:6:82:Infinity":29,"s:83:6:83:Infinity":30,"s:85:4:85:Infinity":31,"f:88:2:88:16":10,"s:89:4:89:Infinity":32,"f:92:2:92:26":11,"s:93:4:93:Infinity":33,"f:96:2:96:23":12,"s:97:4:97:Infinity":34,"s:98:4:98:Infinity":35,"f:101:2:101:21":13,"s:102:4:102:Infinity":36,"f:105:2:105:31":14,"s:106:4:106:Infinity":37,"f:109:2:109:12":15,"s:110:4:110:Infinity":38,"f:113:2:113:12":16,"s:114:4:114:Infinity":39,"f:117:2:117:22":17,"s:118:4:118:Infinity":40,"f:122:2:122:15":18,"b:123:4:123:Infinity:undefined:undefined:undefined:undefined":4,"s:123:4:123:Infinity":41,"b:123:8:123:23:123:23:123:33":5,"s:123:33:123:Infinity":42,"s:125:18:125:Infinity":43,"s:126:12:126:Infinity":44,"s:127:15:127:Infinity":45,"s:129:4:139:Infinity":46,"b:129:11:129:25:129:25:129:49":6,"s:130:21:130:Infinity":47,"b:131:6:138:Infinity:134:13:138:Infinity":7,"s:131:6:138:Infinity":48,"s:132:8:132:Infinity":49,"s:133:8:133:Infinity":50,"s:135:8:135:Infinity":51,"s:136:8:136:Infinity":52,"s:137:8:137:Infinity":53,"b:141:4:145:Infinity:undefined:undefined:undefined:undefined":8,"s:141:4:145:Infinity":54,"s:142:6:142:Infinity":55,"s:143:6:143:Infinity":56,"s:144:6:144:Infinity":57,"s:147:4:147:Infinity":58,"b:149:4:151:Infinity:undefined:undefined:undefined:undefined":9,"s:149:4:151:Infinity":59,"s:150:6:150:Infinity":60,"s:153:4:153:Infinity":61,"f:156:10:156:31":19,"b:157:4:157:Infinity:undefined:undefined:undefined:undefined":10,"s:157:4:157:Infinity":62,"s:157:18:157:Infinity":63,"s:158:4:158:Infinity":64},"fnNames":{}}}
,"/workspace/app/src/engine/triggers.ts": {"path":"/workspace/app/src/engine/triggers.ts","statementMap":{"0":{"start":{"line":21,"column":21},"end":{"line":21,"column":null}},"1":{"start":{"line":22,"column":17},"end":{"line":22,"column":null}},"2":{"start":{"line":23,"column":20},"end":{"line":23,"column":null}},"3":{"start":{"line":24,"column":28},"end":{"line":24,"column":null}},"4":{"start":{"line":26,"column":2},"end":{"line":41,"column":null}},"5":{"start":{"line":27,"column":4},"end":{"line":27,"column":null}},"6":{"start":{"line":27,"column":33},"end":{"line":27,"column":null}},"7":{"start":{"line":28,"column":4},"end":{"line":28,"column":null}},"8":{"start":{"line":28,"column":31},"end":{"line":28,"column":null}},"9":{"start":{"line":29,"column":4},"end":{"line":29,"column":null}},"10":{"start":{"line":29,"column":29},"end":{"line":29,"column":null}},"11":{"start":{"line":31,"column":10},"end":{"line":31,"column":null}},"12":{"start":{"line":32,"column":4},"end":{"line":32,"column":null}},"13":{"start":{"line":32,"column":25},"end":{"line":32,"column":null}},"14":{"start":{"line":35,"column":6},"end":{"line":37,"column":null}},"15":{"start":{"line":39,"column":4},"end":{"line":39,"column":null}},"16":{"start":{"line":39,"column":16},"end":{"line":39,"column":null}},"17":{"start":{"line":40,"column":4},"end":{"line":40,"column":null}},"18":{"start":{"line":43,"column":2},"end":{"line":43,"column":null}},"19":{"start":{"line":51,"column":8},"end":{"line":51,"column":null}},"20":{"start":{"line":52,"column":2},"end":{"line":52,"column":null}},"21":{"start":{"line":52,"column":23},"end":{"line":52,"column":null}},"22":{"start":{"line":53,"column":2},"end":{"line":56,"column":null}},"23":{"start":{"line":65,"column":2},"end":{"line":65,"column":null}},"24":{"start":{"line":65,"column":17},"end":{"line":65,"column":null}},"25":{"start":{"line":66,"column":2},"end":{"line":66,"column":null}},"26":{"start":{"line":66,"column":12},"end":{"line":66,"column":null}},"27":{"start":{"line":67,"column":2},"end":{"line":67,"column":null}}},"fnMap":{"0":{"name":"evaluate","decl":{"start":{"line":14,"column":16},"end":{"line":14,"column":null}},"loc":{"start":{"line":20,"column":10},"end":{"line":44,"column":null}},"line":20},"1":{"name":"isStopAhead","decl":{"start":{"line":46,"column":16},"end":{"line":46,"column":null}},"loc":{"start":{"line":50,"column":11},"end":{"line":58,"column":null}},"line":50},"2":{"name":"shouldMarkVisited","decl":{"start":{"line":60,"column":16},"end":{"line":60,"column":null}},"loc":{"start":{"line":64,"column":11},"end":{"line":68,"column":null}},"line":64}},"branchMap":{"0":{"loc":{"start":{"line":19,"column":2},"end":{"line":19,"column":null}},"type":"default-arg","locations":[{"start":{"line":19,"column":24},"end":{"line":19,"column":null}}],"line":19},"1":{"loc":{"start":{"line":21,"column":21},"end":{"line":21,"column":null}},"type":"cond-expr","locations":[{"start":{"line":21,"column":46},"end":{"line":21,"column":56}},{"start":{"line":21,"column":56},"end":{"line":21,"column":null}}],"line":21},"2":{"loc":{"start":{"line":22,"column":25},"end":{"line":22,"column":48}},"type":"binary-expr","locations":[{"start":{"line":22,"column":25},"end":{"line":22,"column":46}},{"start":{"line":22,"column":46},"end":{"line":22,"column":48}}],"line":22},"3":{"loc":{"start":{"line":23,"column":20},"end":{"line":23,"column":null}},"type":"binary-expr","locations":[{"start":{"line":23,"column":20},"end":{"line":23,"column":41}},{"start":{"line":23,"column":41},"end":{"line":23,"column":null}}],"line":23},"4":{"loc":{"start":{"line":27,"column":4},"end":{"line":27,"column":null}},"type":"if","locations":[{"start":{"line":27,"column":4},"end":{"line":27,"column":null}},{"start":{},"end":{}}],"line":27},"5":{"loc":{"start":{"line":28,"column":4},"end":{"line":28,"column":null}},"type":"if","locations":[{"start":{"line":28,"column":4},"end":{"line":28,"column":null}},{"start":{},"end":{}}],"line":28},"6":{"loc":{"start":{"line":29,"column":4},"end":{"line":29,"column":null}},"type":"if","locations":[{"start":{"line":29,"column":4},"end":{"line":29,"column":null}},{"start":{},"end":{}}],"line":29},"7":{"loc":{"start":{"line":32,"column":4},"end":{"line":32,"column":null}},"type":"if","locations":[{"start":{"line":32,"column":4},"end":{"line":32,"column":null}},{"start":{},"end":{}}],"line":32},"8":{"loc":{"start":{"line":35,"column":6},"end":{"line":37,"column":null}},"type":"binary-expr","locations":[{"start":{"line":35,"column":6},"end":{"line":35,"column":null}},{"start":{"line":36,"column":6},"end":{"line":36,"column":null}},{"start":{"line":36,"column":25},"end":{"line":37,"column":null}}],"line":35},"9":{"loc":{"start":{"line":39,"column":4},"end":{"line":39,"column":null}},"type":"if","locations":[{"start":{"line":39,"column":4},"end":{"line":39,"column":null}},{"start":{},"end":{}}],"line":39},"10":{"loc":{"start":{"line":52,"column":2},"end":{"line":52,"column":null}},"type":"if","locations":[{"start":{"line":52,"column":2},"end":{"line":52,"column":null}},{"start":{},"end":{}}],"line":52},"11":{"loc":{"start":{"line":54,"column":4},"end":{"line":56,"column":null}},"type":"binary-expr","locations":[{"start":{"line":54,"column":4},"end":{"line":54,"column":null}},{"start":{"line":55,"column":4},"end":{"line":55,"column":null}},{"start":{"line":55,"column":23},"end":{"line":56,"column":null}}],"line":54},"12":{"loc":{"start":{"line":65,"column":2},"end":{"line":65,"column":null}},"type":"if","locations":[{"start":{"line":65,"column":2},"end":{"line":65,"column":null}},{"start":{},"end":{}}],"line":65},"13":{"loc":{"start":{"line":66,"column":2},"end":{"line":66,"column":null}},"type":"if","locations":[{"start":{"line":66,"column":2},"end":{"line":66,"column":null}},{"start":{},"end":{}}],"line":66}},"s":{"0":125,"1":125,"2":125,"3":125,"4":125,"5":352,"6":1,"7":351,"8":112,"9":239,"10":209,"11":30,"12":30,"13":12,"14":18,"15":352,"16":1,"17":17,"18":125,"19":3,"20":3,"21":0,"22":3,"23":10,"24":4,"25":6,"26":2,"27":4},"f":{"0":125,"1":3,"2":10},"b":{"0":[125],"1":[125,0],"2":[125,6],"3":[125,13],"4":[1,351],"5":[112,239],"6":[209,30],"7":[12,18],"8":[18,6,4],"9":[1,351],"10":[0,3],"11":[3,3,2],"12":[4,6],"13":[2,4]},"meta":{"lastBranch":14,"lastFunction":3,"lastStatement":28,"seen":{"f:14:16:14:Infinity":0,"b:19:24:19:Infinity":0,"s:21:21:21:Infinity":0,"b:21:46:21:56:21:56:21:Infinity":1,"s:22:17:22:Infinity":1,"b:22:25:22:46:22:46:22:48":2,"s:23:20:23:Infinity":2,"b:23:20:23:41:23:41:23:Infinity":3,"s:24:28:24:Infinity":3,"s:26:2:41:Infinity":4,"b:27:4:27:Infinity:undefined:undefined:undefined:undefined":4,"s:27:4:27:Infinity":5,"s:27:33:27:Infinity":6,"b:28:4:28:Infinity:undefined:undefined:undefined:undefined":5,"s:28:4:28:Infinity":7,"s:28:31:28:Infinity":8,"b:29:4:29:Infinity:undefined:undefined:undefined:undefined":6,"s:29:4:29:Infinity":9,"s:29:29:29:Infinity":10,"s:31:10:31:Infinity":11,"b:32:4:32:Infinity:undefined:undefined:undefined:undefined":7,"s:32:4:32:Infinity":12,"s:32:25:32:Infinity":13,"s:35:6:37:Infinity":14,"b:35:6:35:Infinity:36:6:36:Infinity:36:25:37:Infinity":8,"b:39:4:39:Infinity:undefined:undefined:undefined:undefined":9,"s:39:4:39:Infinity":15,"s:39:16:39:Infinity":16,"s:40:4:40:Infinity":17,"s:43:2:43:Infinity":18,"f:46:16:46:Infinity":1,"s:51:8:51:Infinity":19,"b:52:2:52:Infinity:undefined:undefined:undefined:undefined":10,"s:52:2:52:Infinity":20,"s:52:23:52:Infinity":21,"s:53:2:56:Infinity":22,"b:54:4:54:Infinity:55:4:55:Infinity:55:23:56:Infinity":11,"f:60:16:60:Infinity":2,"b:65:2:65:Infinity:undefined:undefined:undefined:undefined":12,"s:65:2:65:Infinity":23,"s:65:17:65:Infinity":24,"b:66:2:66:Infinity:undefined:undefined:undefined:undefined":13,"s:66:2:66:Infinity":25,"s:66:12:66:Infinity":26,"s:67:2:67:Infinity":27},"fnNames":{}}}
,"/workspace/app/src/engine/types.ts": {"path":"/workspace/app/src/engine/types.ts","statementMap":{},"fnMap":{},"branchMap":{},"s":{},"f":{},"b":{},"meta":{"lastBranch":0,"lastFunction":0,"lastStatement":0,"seen":{},"fnNames":{}}}
,"/workspace/app/src/engine/wake-lock.ts": {"path":"/workspace/app/src/engine/wake-lock.ts","statementMap":{"0":{"start":{"line":17,"column":2},"end":{"line":17,"column":null}},"1":{"start":{"line":17,"column":70},"end":{"line":17,"column":null}},"2":{"start":{"line":18,"column":2},"end":{"line":18,"column":null}},"3":{"start":{"line":22,"column":2},"end":{"line":22,"column":null}},"4":{"start":{"line":22,"column":39},"end":{"line":22,"column":null}},"5":{"start":{"line":23,"column":2},"end":{"line":23,"column":null}},"6":{"start":{"line":27,"column":2},"end":{"line":27,"column":null}},"7":{"start":{"line":27,"column":39},"end":{"line":27,"column":null}},"8":{"start":{"line":28,"column":2},"end":{"line":28,"column":null}},"9":{"start":{"line":29,"column":2},"end":{"line":29,"column":null}},"10":{"start":{"line":29,"column":15},"end":{"line":29,"column":null}},"11":{"start":{"line":34,"column":42},"end":{"line":34,"column":null}},"12":{"start":{"line":35,"column":15},"end":{"line":35,"column":null}},"13":{"start":{"line":37,"column":18},"end":{"line":50,"column":null}},"14":{"start":{"line":38,"column":4},"end":{"line":38,"column":null}},"15":{"start":{"line":38,"column":15},"end":{"line":38,"column":null}},"16":{"start":{"line":39,"column":4},"end":{"line":49,"column":null}},"17":{"start":{"line":42,"column":8},"end":{"line":42,"column":null}},"18":{"start":{"line":43,"column":8},"end":{"line":45,"column":null}},"19":{"start":{"line":44,"column":10},"end":{"line":44,"column":null}},"20":{"start":{"line":52,"column":20},"end":{"line":54,"column":null}},"21":{"start":{"line":53,"column":4},"end":{"line":53,"column":null}},"22":{"start":{"line":53,"column":57},"end":{"line":53,"column":null}},"23":{"start":{"line":56,"column":16},"end":{"line":56,"column":null}},"24":{"start":{"line":58,"column":2},"end":{"line":69,"column":null}},"25":{"start":{"line":61,"column":6},"end":{"line":61,"column":null}},"26":{"start":{"line":62,"column":6},"end":{"line":62,"column":null}},"27":{"start":{"line":65,"column":6},"end":{"line":65,"column":null}},"28":{"start":{"line":66,"column":6},"end":{"line":66,"column":null}},"29":{"start":{"line":67,"column":6},"end":{"line":67,"column":null}}},"fnMap":{"0":{"name":"getWakeLockPort","decl":{"start":{"line":16,"column":9},"end":{"line":16,"column":48}},"loc":{"start":{"line":16,"column":48},"end":{"line":19,"column":null}},"line":16},"1":{"name":"getVisibilityState","decl":{"start":{"line":21,"column":9},"end":{"line":21,"column":62}},"loc":{"start":{"line":21,"column":62},"end":{"line":24,"column":null}},"line":21},"2":{"name":"onVisibilityChange","decl":{"start":{"line":26,"column":9},"end":{"line":26,"column":28}},"loc":{"start":{"line":26,"column":56},"end":{"line":30,"column":null}},"line":26},"3":{"name":"(anonymous_3)","decl":{"start":{"line":27,"column":46},"end":{"line":27,"column":52}},"loc":{"start":{"line":27,"column":52},"end":{"line":27,"column":null}},"line":27},"4":{"name":"(anonymous_4)","decl":{"start":{"line":29,"column":9},"end":{"line":29,"column":15}},"loc":{"start":{"line":29,"column":15},"end":{"line":29,"column":null}},"line":29},"5":{"name":"createWakeLockManager","decl":{"start":{"line":33,"column":16},"end":{"line":33,"column":57}},"loc":{"start":{"line":33,"column":57},"end":{"line":70,"column":null}},"line":33},"6":{"name":"(anonymous_6)","decl":{"start":{"line":37,"column":18},"end":{"line":37,"column":24}},"loc":{"start":{"line":37,"column":24},"end":{"line":50,"column":null}},"line":37},"7":{"name":"(anonymous_7)","decl":{"start":{"line":41,"column":12},"end":{"line":41,"column":13}},"loc":{"start":{"line":41,"column":20},"end":{"line":46,"column":7}},"line":41},"8":{"name":"(anonymous_8)","decl":{"start":{"line":43,"column":39},"end":{"line":43,"column":45}},"loc":{"start":{"line":43,"column":45},"end":{"line":45,"column":9}},"line":43},"9":{"name":"(anonymous_9)","decl":{"start":{"line":47,"column":13},"end":{"line":47,"column":19}},"loc":{"start":{"line":47,"column":19},"end":{"line":49,"column":7}},"line":47},"10":{"name":"(anonymous_10)","decl":{"start":{"line":52,"column":20},"end":{"line":52,"column":26}},"loc":{"start":{"line":52,"column":26},"end":{"line":54,"column":null}},"line":52},"11":{"name":"(anonymous_11)","decl":{"start":{"line":60,"column":13},"end":{"line":60,"column":19}},"loc":{"start":{"line":60,"column":19},"end":{"line":63,"column":null}},"line":60},"12":{"name":"(anonymous_12)","decl":{"start":{"line":64,"column":13},"end":{"line":64,"column":19}},"loc":{"start":{"line":64,"column":19},"end":{"line":68,"column":null}},"line":64}},"branchMap":{"0":{"loc":{"start":{"line":17,"column":2},"end":{"line":17,"column":null}},"type":"if","locations":[{"start":{"line":17,"column":2},"end":{"line":17,"column":null}},{"start":{},"end":{}}],"line":17},"1":{"loc":{"start":{"line":17,"column":6},"end":{"line":17,"column":70}},"type":"binary-expr","locations":[{"start":{"line":17,"column":6},"end":{"line":17,"column":42}},{"start":{"line":17,"column":42},"end":{"line":17,"column":70}}],"line":17},"2":{"loc":{"start":{"line":22,"column":2},"end":{"line":22,"column":null}},"type":"if","locations":[{"start":{"line":22,"column":2},"end":{"line":22,"column":null}},{"start":{},"end":{}}],"line":22},"3":{"loc":{"start":{"line":27,"column":2},"end":{"line":27,"column":null}},"type":"if","locations":[{"start":{"line":27,"column":2},"end":{"line":27,"column":null}},{"start":{},"end":{}}],"line":27},"4":{"loc":{"start":{"line":38,"column":4},"end":{"line":38,"column":null}},"type":"if","locations":[{"start":{"line":38,"column":4},"end":{"line":38,"column":null}},{"start":{},"end":{}}],"line":38},"5":{"loc":{"start":{"line":53,"column":4},"end":{"line":53,"column":null}},"type":"if","locations":[{"start":{"line":53,"column":4},"end":{"line":53,"column":null}},{"start":{},"end":{}}],"line":53},"6":{"loc":{"start":{"line":53,"column":8},"end":{"line":53,"column":57}},"type":"binary-expr","locations":[{"start":{"line":53,"column":8},"end":{"line":53,"column":46}},{"start":{"line":53,"column":46},"end":{"line":53,"column":57}}],"line":53}},"s":{"0":2,"1":1,"2":1,"3":1,"4":0,"5":1,"6":2,"7":0,"8":2,"9":2,"10":2,"11":2,"12":2,"13":2,"14":3,"15":1,"16":2,"17":2,"18":2,"19":0,"20":2,"21":1,"22":1,"23":2,"24":2,"25":2,"26":2,"27":2,"28":2,"29":2},"f":{"0":2,"1":1,"2":2,"3":0,"4":2,"5":2,"6":3,"7":2,"8":0,"9":0,"10":1,"11":2,"12":2},"b":{"0":[1,1],"1":[2,2],"2":[0,1],"3":[0,2],"4":[1,2],"5":[1,0],"6":[1,1]},"meta":{"lastBranch":7,"lastFunction":13,"lastStatement":30,"seen":{"f:16:9:16:48":0,"b:17:2:17:Infinity:undefined:undefined:undefined:undefined":0,"s:17:2:17:Infinity":0,"b:17:6:17:42:17:42:17:70":1,"s:17:70:17:Infinity":1,"s:18:2:18:Infinity":2,"f:21:9:21:62":1,"b:22:2:22:Infinity:undefined:undefined:undefined:undefined":2,"s:22:2:22:Infinity":3,"s:22:39:22:Infinity":4,"s:23:2:23:Infinity":5,"f:26:9:26:28":2,"b:27:2:27:Infinity:undefined:undefined:undefined:undefined":3,"s:27:2:27:Infinity":6,"s:27:39:27:Infinity":7,"f:27:46:27:52":3,"s:28:2:28:Infinity":8,"s:29:2:29:Infinity":9,"f:29:9:29:15":4,"s:29:15:29:Infinity":10,"f:33:16:33:57":5,"s:34:42:34:Infinity":11,"s:35:15:35:Infinity":12,"s:37:18:50:Infinity":13,"f:37:18:37:24":6,"b:38:4:38:Infinity:undefined:undefined:undefined:undefined":4,"s:38:4:38:Infinity":14,"s:38:15:38:Infinity":15,"s:39:4:49:Infinity":16,"f:41:12:41:13":7,"s:42:8:42:Infinity":17,"s:43:8:45:Infinity":18,"f:43:39:43:45":8,"s:44:10:44:Infinity":19,"f:47:13:47:19":9,"s:52:20:54:Infinity":20,"f:52:20:52:26":10,"b:53:4:53:Infinity:undefined:undefined:undefined:undefined":5,"s:53:4:53:Infinity":21,"b:53:8:53:46:53:46:53:57":6,"s:53:57:53:Infinity":22,"s:56:16:56:Infinity":23,"s:58:2:69:Infinity":24,"f:60:13:60:19":11,"s:61:6:61:Infinity":25,"s:62:6:62:Infinity":26,"f:64:13:64:19":12,"s:65:6:65:Infinity":27,"s:66:6:66:Infinity":28,"s:67:6:67:Infinity":29},"fnNames":{}}}
}
